2025-08-11T16:33:27.296Z DEBUG RegistrationParameters: port=28196
2025-08-11T16:33:27.297Z DEBUG RegistrationParameters: pluginUUID=a6dc18649f25d91a5f7127be559e6657
2025-08-11T16:33:27.297Z DEBUG RegistrationParameters: registerEvent=registerPlugin
2025-08-11T16:33:27.298Z DEBUG RegistrationParameters: info={"application":{"font":"Segoe UI","language":"en","platform":"windows","platformVersion":"10.0.22631","version":"6.9.1.21711"},"colors":{"buttonMouseOverBackgroundColor":"#464646FF","buttonPressedBackgroundColor":"#303030FF","buttonPressedBorderColor":"#646464FF","buttonPressedTextColor":"#969696FF","highlightColor":"#0078FFFF"},"devicePixelRatio":1,"devices":[{"id":"2d59f1ec475baf9464d0f94d63e71a9d","name":"Stream Deck 2","size":{"columns":5,"rows":3},"type":0}],"plugin":{"uuid":"com.lenerystia.zed","version":"0.1.0.0"}}
2025-08-11T16:33:27.305Z TRACE Connection: {"device":"2d59f1ec475baf9464d0f94d63e71a9d","deviceInfo":{"name":"Stream Deck 2","size":{"columns":5,"rows":3},"type":0},"event":"deviceDidConnect"}
2025-08-11T16:33:27.306Z TRACE Connection: {"action":"com.lenerystia.zed.increment","context":"efbf1ba103279c31b261dbbfd8763f29","device":"2d59f1ec475baf9464d0f94d63e71a9d","event":"willAppear","payload":{"controller":"Keypad","coordinates":{"column":0,"row":0},"isInMultiAction":false,"settings":{"count":29,"incrementBy":1}}}
2025-08-11T16:33:27.306Z TRACE Connection: {"action":"com.lenerystia.zed.increment","context":"efbf1ba103279c31b261dbbfd8763f29","device":"2d59f1ec475baf9464d0f94d63e71a9d","event":"titleParametersDidChange","payload":{"controller":"Keypad","coordinates":{"column":0,"row":0},"settings":{"count":29,"incrementBy":1},"state":0,"title":"","titleParameters":{"fontFamily":"","fontSize":9,"fontStyle":"","fontUnderline":false,"showTitle":true,"titleAlignment":"middle","titleColor":"#ffffff"}}}
2025-08-11T16:33:27.306Z TRACE Connection: {"action":"com.lenerystia.zed.terminal","context":"d974604b983547806db0eedc571063b7","device":"2d59f1ec475baf9464d0f94d63e71a9d","event":"willAppear","payload":{"controller":"Keypad","coordinates":{"column":1,"row":0},"isInMultiAction":false,"settings":{}}}
2025-08-11T16:33:27.306Z TRACE Connection: {"action":"com.lenerystia.zed.terminal","context":"d974604b983547806db0eedc571063b7","device":"2d59f1ec475baf9464d0f94d63e71a9d","event":"titleParametersDidChange","payload":{"controller":"Keypad","coordinates":{"column":1,"row":0},"settings":{},"state":0,"title":"","titleParameters":{"fontFamily":"","fontSize":9,"fontStyle":"","fontUnderline":false,"showTitle":true,"titleAlignment":"middle","titleColor":"#ffffff"}}}
2025-08-11T16:33:27.307Z TRACE Connection: {"action":"com.lenerystia.zed.build","context":"e0322927d66f4b66a19092ea6d5ca5cd","device":"2d59f1ec475baf9464d0f94d63e71a9d","event":"willAppear","payload":{"controller":"Keypad","coordinates":{"column":2,"row":0},"isInMultiAction":false,"settings":{}}}
2025-08-11T16:33:27.307Z TRACE Connection: {"action":"com.lenerystia.zed.build","context":"e0322927d66f4b66a19092ea6d5ca5cd","device":"2d59f1ec475baf9464d0f94d63e71a9d","event":"titleParametersDidChange","payload":{"controller":"Keypad","coordinates":{"column":2,"row":0},"settings":{},"state":0,"title":"","titleParameters":{"fontFamily":"","fontSize":9,"fontStyle":"","fontUnderline":false,"showTitle":true,"titleAlignment":"middle","titleColor":"#ffffff"}}}
2025-08-11T16:33:27.308Z TRACE Connection: {"action":"com.lenerystia.zed.newwindow","context":"77681a3f9c6188349c7a30cfa4291376","device":"2d59f1ec475baf9464d0f94d63e71a9d","event":"willAppear","payload":{"controller":"Keypad","coordinates":{"column":3,"row":0},"isInMultiAction":false,"settings":{}}}
2025-08-11T16:33:27.308Z TRACE Connection: {"action":"com.lenerystia.zed.newwindow","context":"77681a3f9c6188349c7a30cfa4291376","device":"2d59f1ec475baf9464d0f94d63e71a9d","event":"titleParametersDidChange","payload":{"controller":"Keypad","coordinates":{"column":3,"row":0},"settings":{},"state":0,"title":"","titleParameters":{"fontFamily":"","fontSize":9,"fontStyle":"","fontUnderline":false,"showTitle":true,"titleAlignment":"middle","titleColor":"#ffffff"}}}
2025-08-11T16:33:27.308Z TRACE Connection: {"event":"setTitle","context":"efbf1ba103279c31b261dbbfd8763f29","payload":{"title":"29"}}
2025-08-11T16:33:28.831Z TRACE Connection: {"action":"com.lenerystia.zed.newwindow","context":"56ad537cf9d09d0468f7042ea4abafae","device":"2d59f1ec475baf9464d0f94d63e71a9d","event":"willAppear","payload":{"controller":"Keypad","coordinates":{"column":0,"row":1},"isInMultiAction":false,"settings":{}}}
2025-08-11T16:33:28.832Z TRACE Connection: {"action":"com.lenerystia.zed.newwindow","context":"56ad537cf9d09d0468f7042ea4abafae","device":"2d59f1ec475baf9464d0f94d63e71a9d","event":"titleParametersDidChange","payload":{"controller":"Keypad","coordinates":{"column":0,"row":1},"settings":{},"state":0,"title":"","titleParameters":{"fontFamily":"","fontSize":9,"fontStyle":"","fontUnderline":false,"showTitle":true,"titleAlignment":"middle","titleColor":"#ffffff"}}}
2025-08-11T16:33:29.745Z TRACE Connection: {"action":"com.lenerystia.zed.newwindow","context":"56ad537cf9d09d0468f7042ea4abafae","device":"2d59f1ec475baf9464d0f94d63e71a9d","event":"keyDown","payload":{"coordinates":{"column":0,"row":1},"isInMultiAction":false,"settings":{}}}
2025-08-11T16:33:29.868Z TRACE Connection: {"action":"com.lenerystia.zed.newwindow","context":"56ad537cf9d09d0468f7042ea4abafae","device":"2d59f1ec475baf9464d0f94d63e71a9d","event":"keyUp","payload":{"coordinates":{"column":0,"row":1},"isInMultiAction":false,"settings":{}}}
2025-08-11T16:33:30.245Z TRACE Connection: {"action":"com.lenerystia.zed.newwindow","context":"56ad537cf9d09d0468f7042ea4abafae","device":"2d59f1ec475baf9464d0f94d63e71a9d","event":"keyDown","payload":{"coordinates":{"column":0,"row":1},"isInMultiAction":false,"settings":{}}}
2025-08-11T16:33:30.307Z TRACE Connection: {"action":"com.lenerystia.zed.newwindow","context":"56ad537cf9d09d0468f7042ea4abafae","device":"2d59f1ec475baf9464d0f94d63e71a9d","event":"keyUp","payload":{"coordinates":{"column":0,"row":1},"isInMultiAction":false,"settings":{}}}
2025-08-11T16:33:30.370Z TRACE Connection: {"action":"com.lenerystia.zed.newwindow","context":"56ad537cf9d09d0468f7042ea4abafae","device":"2d59f1ec475baf9464d0f94d63e71a9d","event":"keyDown","payload":{"coordinates":{"column":0,"row":1},"isInMultiAction":false,"settings":{}}}
2025-08-11T16:33:30.434Z TRACE Connection: {"action":"com.lenerystia.zed.newwindow","context":"56ad537cf9d09d0468f7042ea4abafae","device":"2d59f1ec475baf9464d0f94d63e71a9d","event":"keyUp","payload":{"coordinates":{"column":0,"row":1},"isInMultiAction":false,"settings":{}}}
2025-08-11T16:33:30.557Z TRACE Connection: {"action":"com.lenerystia.zed.newwindow","context":"56ad537cf9d09d0468f7042ea4abafae","device":"2d59f1ec475baf9464d0f94d63e71a9d","event":"keyDown","payload":{"coordinates":{"column":0,"row":1},"isInMultiAction":false,"settings":{}}}
2025-08-11T16:33:30.620Z TRACE Connection: {"action":"com.lenerystia.zed.newwindow","context":"56ad537cf9d09d0468f7042ea4abafae","device":"2d59f1ec475baf9464d0f94d63e71a9d","event":"keyUp","payload":{"coordinates":{"column":0,"row":1},"isInMultiAction":false,"settings":{}}}
2025-08-11T16:33:30.682Z TRACE Connection: {"action":"com.lenerystia.zed.newwindow","context":"56ad537cf9d09d0468f7042ea4abafae","device":"2d59f1ec475baf9464d0f94d63e71a9d","event":"keyDown","payload":{"coordinates":{"column":0,"row":1},"isInMultiAction":false,"settings":{}}}
2025-08-11T16:33:30.743Z TRACE Connection: {"action":"com.lenerystia.zed.newwindow","context":"56ad537cf9d09d0468f7042ea4abafae","device":"2d59f1ec475baf9464d0f94d63e71a9d","event":"keyUp","payload":{"coordinates":{"column":0,"row":1},"isInMultiAction":false,"settings":{}}}
2025-08-11T16:33:30.868Z TRACE Connection: {"action":"com.lenerystia.zed.newwindow","context":"56ad537cf9d09d0468f7042ea4abafae","device":"2d59f1ec475baf9464d0f94d63e71a9d","event":"keyDown","payload":{"coordinates":{"column":0,"row":1},"isInMultiAction":false,"settings":{}}}
2025-08-11T16:33:30.931Z TRACE Connection: {"action":"com.lenerystia.zed.newwindow","context":"56ad537cf9d09d0468f7042ea4abafae","device":"2d59f1ec475baf9464d0f94d63e71a9d","event":"keyUp","payload":{"coordinates":{"column":0,"row":1},"isInMultiAction":false,"settings":{}}}
2025-08-11T16:33:30.993Z TRACE Connection: {"action":"com.lenerystia.zed.newwindow","context":"56ad537cf9d09d0468f7042ea4abafae","device":"2d59f1ec475baf9464d0f94d63e71a9d","event":"keyDown","payload":{"coordinates":{"column":0,"row":1},"isInMultiAction":false,"settings":{}}}
2025-08-11T16:33:31.055Z TRACE Connection: {"action":"com.lenerystia.zed.newwindow","context":"56ad537cf9d09d0468f7042ea4abafae","device":"2d59f1ec475baf9464d0f94d63e71a9d","event":"keyUp","payload":{"coordinates":{"column":0,"row":1},"isInMultiAction":false,"settings":{}}}
