2025-08-11T14:02:23.934Z DEBUG RegistrationParameters: port=28196
2025-08-11T14:02:23.934Z DEBUG RegistrationParameters: pluginUUID=3ef34fa2f2af1b9136f4cc3a85d18f43
2025-08-11T14:02:23.935Z DEBUG RegistrationParameters: registerEvent=registerPlugin
2025-08-11T14:02:23.935Z DEBUG RegistrationParameters: info={"application":{"font":"Segoe UI","language":"en","platform":"windows","platformVersion":"10.0.22631","version":"6.9.1.21711"},"colors":{"buttonMouseOverBackgroundColor":"#464646FF","buttonPressedBackgroundColor":"#303030FF","buttonPressedBorderColor":"#646464FF","buttonPressedTextColor":"#969696FF","highlightColor":"#0078FFFF"},"devicePixelRatio":1,"devices":[{"id":"2d59f1ec475baf9464d0f94d63e71a9d","name":"Stream Deck 2","size":{"columns":5,"rows":3},"type":0}],"plugin":{"uuid":"com.lenerystia.zed","version":"0.1.0.0"}}
2025-08-11T14:02:23.941Z TRACE Connection: {"device":"2d59f1ec475baf9464d0f94d63e71a9d","deviceInfo":{"name":"Stream Deck 2","size":{"columns":5,"rows":3},"type":0},"event":"deviceDidConnect"}
2025-08-11T14:02:23.941Z TRACE Connection: {"action":"com.lenerystia.zed.increment","context":"efbf1ba103279c31b261dbbfd8763f29","device":"2d59f1ec475baf9464d0f94d63e71a9d","event":"willAppear","payload":{"controller":"Keypad","coordinates":{"column":0,"row":0},"isInMultiAction":false,"settings":{"count":11,"incrementBy":1}}}
2025-08-11T14:02:23.942Z TRACE Connection: {"action":"com.lenerystia.zed.increment","context":"efbf1ba103279c31b261dbbfd8763f29","device":"2d59f1ec475baf9464d0f94d63e71a9d","event":"titleParametersDidChange","payload":{"controller":"Keypad","coordinates":{"column":0,"row":0},"settings":{"count":11,"incrementBy":1},"state":0,"title":"","titleParameters":{"fontFamily":"","fontSize":9,"fontStyle":"","fontUnderline":false,"showTitle":true,"titleAlignment":"middle","titleColor":"#ffffff"}}}
2025-08-11T14:02:23.942Z TRACE Connection: {"action":"com.lenerystia.zed.terminal","context":"d974604b983547806db0eedc571063b7","device":"2d59f1ec475baf9464d0f94d63e71a9d","event":"willAppear","payload":{"controller":"Keypad","coordinates":{"column":1,"row":0},"isInMultiAction":false,"settings":{"command":"wt"}}}
2025-08-11T14:02:23.942Z TRACE Connection: {"action":"com.lenerystia.zed.terminal","context":"d974604b983547806db0eedc571063b7","device":"2d59f1ec475baf9464d0f94d63e71a9d","event":"titleParametersDidChange","payload":{"controller":"Keypad","coordinates":{"column":1,"row":0},"settings":{"command":"wt"},"state":0,"title":"","titleParameters":{"fontFamily":"","fontSize":9,"fontStyle":"","fontUnderline":false,"showTitle":true,"titleAlignment":"middle","titleColor":"#ffffff"}}}
2025-08-11T14:02:23.942Z TRACE Connection: {"event":"setTitle","context":"efbf1ba103279c31b261dbbfd8763f29","payload":{"title":"11"}}
2025-08-11T14:02:23.943Z TRACE Connection: {"event":"setTitle","context":"d974604b983547806db0eedc571063b7","payload":{"title":"Terminal"}}
2025-08-11T14:03:00.240Z TRACE Connection: {"action":"com.lenerystia.zed.terminal","context":"d974604b983547806db0eedc571063b7","device":"2d59f1ec475baf9464d0f94d63e71a9d","event":"keyDown","payload":{"coordinates":{"column":1,"row":0},"isInMultiAction":false,"settings":{"command":"wt"}}}
2025-08-11T14:03:00.276Z TRACE Connection: {"event":"showAlert","context":"d974604b983547806db0eedc571063b7"}
2025-08-11T14:03:00.354Z TRACE Connection: {"action":"com.lenerystia.zed.terminal","context":"d974604b983547806db0eedc571063b7","device":"2d59f1ec475baf9464d0f94d63e71a9d","event":"keyUp","payload":{"coordinates":{"column":1,"row":0},"isInMultiAction":false,"settings":{"command":"wt"}}}
2025-08-11T14:03:16.235Z TRACE Connection: {"action":"com.lenerystia.zed.terminal","context":"d974604b983547806db0eedc571063b7","device":"2d59f1ec475baf9464d0f94d63e71a9d","event":"keyDown","payload":{"coordinates":{"column":1,"row":0},"isInMultiAction":false,"settings":{"command":"wt"}}}
2025-08-11T14:03:16.299Z TRACE Connection: {"action":"com.lenerystia.zed.terminal","context":"d974604b983547806db0eedc571063b7","device":"2d59f1ec475baf9464d0f94d63e71a9d","event":"keyUp","payload":{"coordinates":{"column":1,"row":0},"isInMultiAction":false,"settings":{"command":"wt"}}}
2025-08-11T14:03:16.681Z TRACE Connection: {"event":"showOk","context":"d974604b983547806db0eedc571063b7"}
2025-08-11T14:03:19.659Z TRACE Connection: {"action":"com.lenerystia.zed.terminal","context":"d974604b983547806db0eedc571063b7","device":"2d59f1ec475baf9464d0f94d63e71a9d","event":"keyDown","payload":{"coordinates":{"column":1,"row":0},"isInMultiAction":false,"settings":{"command":"wt"}}}
2025-08-11T14:03:19.665Z TRACE Connection: {"event":"showOk","context":"d974604b983547806db0eedc571063b7"}
2025-08-11T14:03:19.722Z TRACE Connection: {"action":"com.lenerystia.zed.terminal","context":"d974604b983547806db0eedc571063b7","device":"2d59f1ec475baf9464d0f94d63e71a9d","event":"keyUp","payload":{"coordinates":{"column":1,"row":0},"isInMultiAction":false,"settings":{"command":"wt"}}}
2025-08-11T14:03:20.396Z TRACE Connection: {"action":"com.lenerystia.zed.terminal","context":"d974604b983547806db0eedc571063b7","device":"2d59f1ec475baf9464d0f94d63e71a9d","event":"keyDown","payload":{"coordinates":{"column":1,"row":0},"isInMultiAction":false,"settings":{"command":"wt"}}}
2025-08-11T14:03:20.401Z TRACE Connection: {"event":"showOk","context":"d974604b983547806db0eedc571063b7"}
2025-08-11T14:03:20.516Z TRACE Connection: {"action":"com.lenerystia.zed.terminal","context":"d974604b983547806db0eedc571063b7","device":"2d59f1ec475baf9464d0f94d63e71a9d","event":"keyUp","payload":{"coordinates":{"column":1,"row":0},"isInMultiAction":false,"settings":{"command":"wt"}}}
2025-08-11T14:03:21.390Z TRACE Connection: {"action":"com.lenerystia.zed.terminal","context":"d974604b983547806db0eedc571063b7","device":"2d59f1ec475baf9464d0f94d63e71a9d","event":"keyDown","payload":{"coordinates":{"column":1,"row":0},"isInMultiAction":false,"settings":{"command":"wt"}}}
2025-08-11T14:03:21.394Z TRACE Connection: {"event":"showOk","context":"d974604b983547806db0eedc571063b7"}
2025-08-11T14:03:21.639Z TRACE Connection: {"action":"com.lenerystia.zed.terminal","context":"d974604b983547806db0eedc571063b7","device":"2d59f1ec475baf9464d0f94d63e71a9d","event":"keyUp","payload":{"coordinates":{"column":1,"row":0},"isInMultiAction":false,"settings":{"command":"wt"}}}
2025-08-11T14:03:30.534Z TRACE Connection: {"action":"com.lenerystia.zed.build","context":"e0322927d66f4b66a19092ea6d5ca5cd","device":"2d59f1ec475baf9464d0f94d63e71a9d","event":"willAppear","payload":{"controller":"Keypad","coordinates":{"column":2,"row":0},"isInMultiAction":false,"settings":{}}}
2025-08-11T14:03:30.534Z TRACE Connection: {"action":"com.lenerystia.zed.build","context":"e0322927d66f4b66a19092ea6d5ca5cd","device":"2d59f1ec475baf9464d0f94d63e71a9d","event":"titleParametersDidChange","payload":{"controller":"Keypad","coordinates":{"column":2,"row":0},"settings":{},"state":0,"title":"","titleParameters":{"fontFamily":"","fontSize":9,"fontStyle":"","fontUnderline":false,"showTitle":true,"titleAlignment":"middle","titleColor":"#ffffff"}}}
2025-08-11T14:03:30.534Z TRACE Connection: {"event":"setTitle","context":"e0322927d66f4b66a19092ea6d5ca5cd","payload":{"title":"Build"}}
2025-08-11T14:03:31.599Z TRACE Connection: {"action":"com.lenerystia.zed.build","context":"e0322927d66f4b66a19092ea6d5ca5cd","device":"2d59f1ec475baf9464d0f94d63e71a9d","event":"keyDown","payload":{"coordinates":{"column":2,"row":0},"isInMultiAction":false,"settings":{}}}
2025-08-11T14:03:31.722Z TRACE Connection: {"action":"com.lenerystia.zed.build","context":"e0322927d66f4b66a19092ea6d5ca5cd","device":"2d59f1ec475baf9464d0f94d63e71a9d","event":"keyUp","payload":{"coordinates":{"column":2,"row":0},"isInMultiAction":false,"settings":{}}}
2025-08-11T14:03:31.815Z TRACE Connection: {"event":"showOk","context":"e0322927d66f4b66a19092ea6d5ca5cd"}
2025-08-11T14:04:27.974Z TRACE Connection: {"action":"com.lenerystia.zed.terminal","context":"d974604b983547806db0eedc571063b7","device":"2d59f1ec475baf9464d0f94d63e71a9d","event":"keyDown","payload":{"coordinates":{"column":1,"row":0},"isInMultiAction":false,"settings":{"command":"wt"}}}
2025-08-11T14:04:27.980Z TRACE Connection: {"event":"showOk","context":"d974604b983547806db0eedc571063b7"}
2025-08-11T14:04:28.095Z TRACE Connection: {"action":"com.lenerystia.zed.terminal","context":"d974604b983547806db0eedc571063b7","device":"2d59f1ec475baf9464d0f94d63e71a9d","event":"keyUp","payload":{"coordinates":{"column":1,"row":0},"isInMultiAction":false,"settings":{"command":"wt"}}}
2025-08-11T14:04:49.703Z TRACE Connection: {"action":"com.lenerystia.zed.terminal","context":"d974604b983547806db0eedc571063b7","device":"2d59f1ec475baf9464d0f94d63e71a9d","event":"keyDown","payload":{"coordinates":{"column":1,"row":0},"isInMultiAction":false,"settings":{"command":"wt"}}}
2025-08-11T14:04:49.828Z TRACE Connection: {"action":"com.lenerystia.zed.terminal","context":"d974604b983547806db0eedc571063b7","device":"2d59f1ec475baf9464d0f94d63e71a9d","event":"keyUp","payload":{"coordinates":{"column":1,"row":0},"isInMultiAction":false,"settings":{"command":"wt"}}}
2025-08-11T14:04:50.138Z TRACE Connection: {"action":"com.lenerystia.zed.terminal","context":"d974604b983547806db0eedc571063b7","device":"2d59f1ec475baf9464d0f94d63e71a9d","event":"keyDown","payload":{"coordinates":{"column":1,"row":0},"isInMultiAction":false,"settings":{"command":"wt"}}}
2025-08-11T14:04:50.173Z TRACE Connection: {"event":"showOk","context":"d974604b983547806db0eedc571063b7"}
2025-08-11T14:04:50.177Z TRACE Connection: {"event":"showOk","context":"d974604b983547806db0eedc571063b7"}
2025-08-11T14:04:50.263Z TRACE Connection: {"action":"com.lenerystia.zed.terminal","context":"d974604b983547806db0eedc571063b7","device":"2d59f1ec475baf9464d0f94d63e71a9d","event":"keyUp","payload":{"coordinates":{"column":1,"row":0},"isInMultiAction":false,"settings":{"command":"wt"}}}
2025-08-11T14:04:51.014Z TRACE Connection: {"action":"com.lenerystia.zed.terminal","context":"d974604b983547806db0eedc571063b7","device":"2d59f1ec475baf9464d0f94d63e71a9d","event":"keyDown","payload":{"coordinates":{"column":1,"row":0},"isInMultiAction":false,"settings":{"command":"wt"}}}
2025-08-11T14:04:51.018Z TRACE Connection: {"event":"showOk","context":"d974604b983547806db0eedc571063b7"}
2025-08-11T14:04:51.138Z TRACE Connection: {"action":"com.lenerystia.zed.terminal","context":"d974604b983547806db0eedc571063b7","device":"2d59f1ec475baf9464d0f94d63e71a9d","event":"keyUp","payload":{"coordinates":{"column":1,"row":0},"isInMultiAction":false,"settings":{"command":"wt"}}}
2025-08-11T14:04:51.575Z TRACE Connection: {"action":"com.lenerystia.zed.terminal","context":"d974604b983547806db0eedc571063b7","device":"2d59f1ec475baf9464d0f94d63e71a9d","event":"keyDown","payload":{"coordinates":{"column":1,"row":0},"isInMultiAction":false,"settings":{"command":"wt"}}}
2025-08-11T14:04:51.579Z TRACE Connection: {"event":"showOk","context":"d974604b983547806db0eedc571063b7"}
2025-08-11T14:04:51.637Z TRACE Connection: {"action":"com.lenerystia.zed.terminal","context":"d974604b983547806db0eedc571063b7","device":"2d59f1ec475baf9464d0f94d63e71a9d","event":"keyUp","payload":{"coordinates":{"column":1,"row":0},"isInMultiAction":false,"settings":{"command":"wt"}}}
2025-08-11T14:06:05.712Z TRACE Connection: {"action":"com.lenerystia.zed.terminal","context":"d974604b983547806db0eedc571063b7","device":"2d59f1ec475baf9464d0f94d63e71a9d","event":"keyDown","payload":{"coordinates":{"column":1,"row":0},"isInMultiAction":false,"settings":{"command":"wt"}}}
2025-08-11T14:06:05.771Z TRACE Connection: {"action":"com.lenerystia.zed.terminal","context":"d974604b983547806db0eedc571063b7","device":"2d59f1ec475baf9464d0f94d63e71a9d","event":"keyUp","payload":{"coordinates":{"column":1,"row":0},"isInMultiAction":false,"settings":{"command":"wt"}}}
2025-08-11T14:06:06.249Z TRACE Connection: {"event":"showOk","context":"d974604b983547806db0eedc571063b7"}
2025-08-11T14:06:06.527Z TRACE Connection: {"action":"com.lenerystia.zed.terminal","context":"d974604b983547806db0eedc571063b7","device":"2d59f1ec475baf9464d0f94d63e71a9d","event":"keyDown","payload":{"coordinates":{"column":1,"row":0},"isInMultiAction":false,"settings":{"command":"wt"}}}
2025-08-11T14:06:06.531Z TRACE Connection: {"event":"showOk","context":"d974604b983547806db0eedc571063b7"}
2025-08-11T14:06:06.591Z TRACE Connection: {"action":"com.lenerystia.zed.terminal","context":"d974604b983547806db0eedc571063b7","device":"2d59f1ec475baf9464d0f94d63e71a9d","event":"keyUp","payload":{"coordinates":{"column":1,"row":0},"isInMultiAction":false,"settings":{"command":"wt"}}}
2025-08-11T14:06:07.153Z TRACE Connection: {"action":"com.lenerystia.zed.terminal","context":"d974604b983547806db0eedc571063b7","device":"2d59f1ec475baf9464d0f94d63e71a9d","event":"keyDown","payload":{"coordinates":{"column":1,"row":0},"isInMultiAction":false,"settings":{"command":"wt"}}}
2025-08-11T14:06:07.157Z TRACE Connection: {"event":"showOk","context":"d974604b983547806db0eedc571063b7"}
2025-08-11T14:06:07.213Z TRACE Connection: {"action":"com.lenerystia.zed.terminal","context":"d974604b983547806db0eedc571063b7","device":"2d59f1ec475baf9464d0f94d63e71a9d","event":"keyUp","payload":{"coordinates":{"column":1,"row":0},"isInMultiAction":false,"settings":{"command":"wt"}}}
2025-08-11T14:06:07.338Z TRACE Connection: {"action":"com.lenerystia.zed.terminal","context":"d974604b983547806db0eedc571063b7","device":"2d59f1ec475baf9464d0f94d63e71a9d","event":"keyDown","payload":{"coordinates":{"column":1,"row":0},"isInMultiAction":false,"settings":{"command":"wt"}}}
2025-08-11T14:06:07.342Z TRACE Connection: {"event":"showOk","context":"d974604b983547806db0eedc571063b7"}
2025-08-11T14:06:07.400Z TRACE Connection: {"action":"com.lenerystia.zed.terminal","context":"d974604b983547806db0eedc571063b7","device":"2d59f1ec475baf9464d0f94d63e71a9d","event":"keyUp","payload":{"coordinates":{"column":1,"row":0},"isInMultiAction":false,"settings":{"command":"wt"}}}
2025-08-11T14:06:08.641Z TRACE Connection: {"action":"com.lenerystia.zed.terminal","context":"d974604b983547806db0eedc571063b7","device":"2d59f1ec475baf9464d0f94d63e71a9d","event":"keyDown","payload":{"coordinates":{"column":1,"row":0},"isInMultiAction":false,"settings":{"command":"wt"}}}
2025-08-11T14:06:08.645Z TRACE Connection: {"event":"showOk","context":"d974604b983547806db0eedc571063b7"}
2025-08-11T14:06:08.818Z TRACE Connection: {"action":"com.lenerystia.zed.terminal","context":"d974604b983547806db0eedc571063b7","device":"2d59f1ec475baf9464d0f94d63e71a9d","event":"keyUp","payload":{"coordinates":{"column":1,"row":0},"isInMultiAction":false,"settings":{"command":"wt"}}}
2025-08-11T14:06:20.539Z TRACE Connection: {"action":"com.lenerystia.zed.terminal","context":"d974604b983547806db0eedc571063b7","device":"2d59f1ec475baf9464d0f94d63e71a9d","event":"keyDown","payload":{"coordinates":{"column":1,"row":0},"isInMultiAction":false,"settings":{"command":"wt"}}}
2025-08-11T14:06:20.544Z TRACE Connection: {"event":"showOk","context":"d974604b983547806db0eedc571063b7"}
2025-08-11T14:06:20.663Z TRACE Connection: {"action":"com.lenerystia.zed.terminal","context":"d974604b983547806db0eedc571063b7","device":"2d59f1ec475baf9464d0f94d63e71a9d","event":"keyUp","payload":{"coordinates":{"column":1,"row":0},"isInMultiAction":false,"settings":{"command":"wt"}}}
2025-08-11T14:06:21.029Z TRACE Connection: {"action":"com.lenerystia.zed.terminal","context":"d974604b983547806db0eedc571063b7","device":"2d59f1ec475baf9464d0f94d63e71a9d","event":"keyDown","payload":{"coordinates":{"column":1,"row":0},"isInMultiAction":false,"settings":{"command":"wt"}}}
2025-08-11T14:06:21.033Z TRACE Connection: {"event":"showOk","context":"d974604b983547806db0eedc571063b7"}
2025-08-11T14:06:21.147Z TRACE Connection: {"action":"com.lenerystia.zed.terminal","context":"d974604b983547806db0eedc571063b7","device":"2d59f1ec475baf9464d0f94d63e71a9d","event":"keyUp","payload":{"coordinates":{"column":1,"row":0},"isInMultiAction":false,"settings":{"command":"wt"}}}
2025-08-11T14:06:21.272Z TRACE Connection: {"action":"com.lenerystia.zed.terminal","context":"d974604b983547806db0eedc571063b7","device":"2d59f1ec475baf9464d0f94d63e71a9d","event":"keyDown","payload":{"coordinates":{"column":1,"row":0},"isInMultiAction":false,"settings":{"command":"wt"}}}
2025-08-11T14:06:21.276Z TRACE Connection: {"event":"showOk","context":"d974604b983547806db0eedc571063b7"}
2025-08-11T14:06:21.395Z TRACE Connection: {"action":"com.lenerystia.zed.terminal","context":"d974604b983547806db0eedc571063b7","device":"2d59f1ec475baf9464d0f94d63e71a9d","event":"keyUp","payload":{"coordinates":{"column":1,"row":0},"isInMultiAction":false,"settings":{"command":"wt"}}}
2025-08-11T14:06:21.583Z TRACE Connection: {"action":"com.lenerystia.zed.build","context":"e0322927d66f4b66a19092ea6d5ca5cd","device":"2d59f1ec475baf9464d0f94d63e71a9d","event":"keyDown","payload":{"coordinates":{"column":2,"row":0},"isInMultiAction":false,"settings":{}}}
2025-08-11T14:06:21.860Z TRACE Connection: {"event":"showOk","context":"e0322927d66f4b66a19092ea6d5ca5cd"}
