2025-08-11T14:06:21.984Z DEBUG RegistrationParameters: port=28196
2025-08-11T14:06:21.985Z DEBUG RegistrationParameters: pluginUUID=57c3f566bf13a4bc7342a8324839aab2
2025-08-11T14:06:21.985Z DEBUG RegistrationParameters: registerEvent=registerPlugin
2025-08-11T14:06:21.986Z DEBUG RegistrationParameters: info={"application":{"font":"Segoe UI","language":"en","platform":"windows","platformVersion":"10.0.22631","version":"6.9.1.21711"},"colors":{"buttonMouseOverBackgroundColor":"#464646FF","buttonPressedBackgroundColor":"#303030FF","buttonPressedBorderColor":"#646464FF","buttonPressedTextColor":"#969696FF","highlightColor":"#0078FFFF"},"devicePixelRatio":1,"devices":[{"id":"2d59f1ec475baf9464d0f94d63e71a9d","name":"Stream Deck 2","size":{"columns":5,"rows":3},"type":0}],"plugin":{"uuid":"com.lenerystia.zed","version":"0.1.0.0"}}
2025-08-11T14:06:21.993Z TRACE Connection: {"device":"2d59f1ec475baf9464d0f94d63e71a9d","deviceInfo":{"name":"Stream Deck 2","size":{"columns":5,"rows":3},"type":0},"event":"deviceDidConnect"}
2025-08-11T14:06:21.993Z TRACE Connection: {"action":"com.lenerystia.zed.increment","context":"efbf1ba103279c31b261dbbfd8763f29","device":"2d59f1ec475baf9464d0f94d63e71a9d","event":"willAppear","payload":{"controller":"Keypad","coordinates":{"column":0,"row":0},"isInMultiAction":false,"settings":{"count":11,"incrementBy":1}}}
2025-08-11T14:06:21.994Z TRACE Connection: {"action":"com.lenerystia.zed.increment","context":"efbf1ba103279c31b261dbbfd8763f29","device":"2d59f1ec475baf9464d0f94d63e71a9d","event":"titleParametersDidChange","payload":{"controller":"Keypad","coordinates":{"column":0,"row":0},"settings":{"count":11,"incrementBy":1},"state":0,"title":"","titleParameters":{"fontFamily":"","fontSize":9,"fontStyle":"","fontUnderline":false,"showTitle":true,"titleAlignment":"middle","titleColor":"#ffffff"}}}
2025-08-11T14:06:21.994Z TRACE Connection: {"action":"com.lenerystia.zed.terminal","context":"d974604b983547806db0eedc571063b7","device":"2d59f1ec475baf9464d0f94d63e71a9d","event":"willAppear","payload":{"controller":"Keypad","coordinates":{"column":1,"row":0},"isInMultiAction":false,"settings":{"command":"wt"}}}
2025-08-11T14:06:21.994Z TRACE Connection: {"action":"com.lenerystia.zed.terminal","context":"d974604b983547806db0eedc571063b7","device":"2d59f1ec475baf9464d0f94d63e71a9d","event":"titleParametersDidChange","payload":{"controller":"Keypad","coordinates":{"column":1,"row":0},"settings":{"command":"wt"},"state":0,"title":"","titleParameters":{"fontFamily":"","fontSize":9,"fontStyle":"","fontUnderline":false,"showTitle":true,"titleAlignment":"middle","titleColor":"#ffffff"}}}
2025-08-11T14:06:21.994Z TRACE Connection: {"action":"com.lenerystia.zed.build","context":"e0322927d66f4b66a19092ea6d5ca5cd","device":"2d59f1ec475baf9464d0f94d63e71a9d","event":"willAppear","payload":{"controller":"Keypad","coordinates":{"column":2,"row":0},"isInMultiAction":false,"settings":{}}}
2025-08-11T14:06:21.995Z TRACE Connection: {"action":"com.lenerystia.zed.build","context":"e0322927d66f4b66a19092ea6d5ca5cd","device":"2d59f1ec475baf9464d0f94d63e71a9d","event":"titleParametersDidChange","payload":{"controller":"Keypad","coordinates":{"column":2,"row":0},"settings":{},"state":0,"title":"","titleParameters":{"fontFamily":"","fontSize":9,"fontStyle":"","fontUnderline":false,"showTitle":true,"titleAlignment":"middle","titleColor":"#ffffff"}}}
2025-08-11T14:06:21.995Z TRACE Connection: {"event":"setTitle","context":"efbf1ba103279c31b261dbbfd8763f29","payload":{"title":"11"}}
2025-08-11T14:06:21.996Z TRACE Connection: {"event":"setTitle","context":"d974604b983547806db0eedc571063b7","payload":{"title":"Terminal"}}
2025-08-11T14:06:21.996Z TRACE Connection: {"event":"setTitle","context":"e0322927d66f4b66a19092ea6d5ca5cd","payload":{"title":"Build"}}
2025-08-11T14:06:22.042Z TRACE Connection: {"action":"com.lenerystia.zed.build","context":"e0322927d66f4b66a19092ea6d5ca5cd","device":"2d59f1ec475baf9464d0f94d63e71a9d","event":"keyDown","payload":{"coordinates":{"column":2,"row":0},"isInMultiAction":false,"settings":{}}}
2025-08-11T14:06:22.075Z TRACE Connection: {"event":"showOk","context":"e0322927d66f4b66a19092ea6d5ca5cd"}
2025-08-11T14:06:22.193Z TRACE Connection: {"action":"com.lenerystia.zed.build","context":"e0322927d66f4b66a19092ea6d5ca5cd","device":"2d59f1ec475baf9464d0f94d63e71a9d","event":"keyUp","payload":{"coordinates":{"column":2,"row":0},"isInMultiAction":false,"settings":{}}}
2025-08-11T14:06:22.445Z TRACE Connection: {"action":"com.lenerystia.zed.build","context":"e0322927d66f4b66a19092ea6d5ca5cd","device":"2d59f1ec475baf9464d0f94d63e71a9d","event":"keyDown","payload":{"coordinates":{"column":2,"row":0},"isInMultiAction":false,"settings":{}}}
2025-08-11T14:06:22.450Z TRACE Connection: {"event":"showOk","context":"e0322927d66f4b66a19092ea6d5ca5cd"}
2025-08-11T14:06:22.547Z TRACE Connection: {"action":"com.lenerystia.zed.build","context":"e0322927d66f4b66a19092ea6d5ca5cd","device":"2d59f1ec475baf9464d0f94d63e71a9d","event":"keyUp","payload":{"coordinates":{"column":2,"row":0},"isInMultiAction":false,"settings":{}}}
2025-08-11T14:06:22.851Z TRACE Connection: {"action":"com.lenerystia.zed.build","context":"e0322927d66f4b66a19092ea6d5ca5cd","device":"2d59f1ec475baf9464d0f94d63e71a9d","event":"keyDown","payload":{"coordinates":{"column":2,"row":0},"isInMultiAction":false,"settings":{}}}
2025-08-11T14:06:22.855Z TRACE Connection: {"event":"showOk","context":"e0322927d66f4b66a19092ea6d5ca5cd"}
2025-08-11T14:06:22.964Z TRACE Connection: {"action":"com.lenerystia.zed.build","context":"e0322927d66f4b66a19092ea6d5ca5cd","device":"2d59f1ec475baf9464d0f94d63e71a9d","event":"keyUp","payload":{"coordinates":{"column":2,"row":0},"isInMultiAction":false,"settings":{}}}
2025-08-11T14:06:23.151Z TRACE Connection: {"action":"com.lenerystia.zed.build","context":"e0322927d66f4b66a19092ea6d5ca5cd","device":"2d59f1ec475baf9464d0f94d63e71a9d","event":"keyDown","payload":{"coordinates":{"column":2,"row":0},"isInMultiAction":false,"settings":{}}}
2025-08-11T14:06:23.155Z TRACE Connection: {"event":"showOk","context":"e0322927d66f4b66a19092ea6d5ca5cd"}
2025-08-11T14:06:23.276Z TRACE Connection: {"action":"com.lenerystia.zed.build","context":"e0322927d66f4b66a19092ea6d5ca5cd","device":"2d59f1ec475baf9464d0f94d63e71a9d","event":"keyUp","payload":{"coordinates":{"column":2,"row":0},"isInMultiAction":false,"settings":{}}}
2025-08-11T14:06:23.709Z TRACE Connection: {"action":"com.lenerystia.zed.build","context":"e0322927d66f4b66a19092ea6d5ca5cd","device":"2d59f1ec475baf9464d0f94d63e71a9d","event":"keyDown","payload":{"coordinates":{"column":2,"row":0},"isInMultiAction":false,"settings":{}}}
2025-08-11T14:06:23.713Z TRACE Connection: {"event":"showOk","context":"e0322927d66f4b66a19092ea6d5ca5cd"}
2025-08-11T14:06:23.836Z TRACE Connection: {"action":"com.lenerystia.zed.build","context":"e0322927d66f4b66a19092ea6d5ca5cd","device":"2d59f1ec475baf9464d0f94d63e71a9d","event":"keyUp","payload":{"coordinates":{"column":2,"row":0},"isInMultiAction":false,"settings":{}}}
2025-08-11T14:06:23.962Z TRACE Connection: {"action":"com.lenerystia.zed.build","context":"e0322927d66f4b66a19092ea6d5ca5cd","device":"2d59f1ec475baf9464d0f94d63e71a9d","event":"keyDown","payload":{"coordinates":{"column":2,"row":0},"isInMultiAction":false,"settings":{}}}
2025-08-11T14:06:23.966Z TRACE Connection: {"event":"showOk","context":"e0322927d66f4b66a19092ea6d5ca5cd"}
2025-08-11T14:06:24.025Z TRACE Connection: {"action":"com.lenerystia.zed.build","context":"e0322927d66f4b66a19092ea6d5ca5cd","device":"2d59f1ec475baf9464d0f94d63e71a9d","event":"keyUp","payload":{"coordinates":{"column":2,"row":0},"isInMultiAction":false,"settings":{}}}
2025-08-11T14:06:24.150Z TRACE Connection: {"action":"com.lenerystia.zed.build","context":"e0322927d66f4b66a19092ea6d5ca5cd","device":"2d59f1ec475baf9464d0f94d63e71a9d","event":"keyDown","payload":{"coordinates":{"column":2,"row":0},"isInMultiAction":false,"settings":{}}}
2025-08-11T14:06:24.154Z TRACE Connection: {"event":"showOk","context":"e0322927d66f4b66a19092ea6d5ca5cd"}
2025-08-11T14:06:24.213Z TRACE Connection: {"action":"com.lenerystia.zed.build","context":"e0322927d66f4b66a19092ea6d5ca5cd","device":"2d59f1ec475baf9464d0f94d63e71a9d","event":"keyUp","payload":{"coordinates":{"column":2,"row":0},"isInMultiAction":false,"settings":{}}}
2025-08-11T14:06:24.708Z TRACE Connection: {"action":"com.lenerystia.zed.terminal","context":"d974604b983547806db0eedc571063b7","device":"2d59f1ec475baf9464d0f94d63e71a9d","event":"keyDown","payload":{"coordinates":{"column":1,"row":0},"isInMultiAction":false,"settings":{"command":"wt"}}}
2025-08-11T14:06:24.712Z TRACE Connection: {"event":"showOk","context":"d974604b983547806db0eedc571063b7"}
2025-08-11T14:06:24.957Z TRACE Connection: {"action":"com.lenerystia.zed.terminal","context":"d974604b983547806db0eedc571063b7","device":"2d59f1ec475baf9464d0f94d63e71a9d","event":"keyUp","payload":{"coordinates":{"column":1,"row":0},"isInMultiAction":false,"settings":{"command":"wt"}}}
2025-08-11T14:06:25.331Z TRACE Connection: {"action":"com.lenerystia.zed.build","context":"e0322927d66f4b66a19092ea6d5ca5cd","device":"2d59f1ec475baf9464d0f94d63e71a9d","event":"keyDown","payload":{"coordinates":{"column":2,"row":0},"isInMultiAction":false,"settings":{}}}
2025-08-11T14:06:25.335Z TRACE Connection: {"event":"showOk","context":"e0322927d66f4b66a19092ea6d5ca5cd"}
2025-08-11T14:06:25.517Z TRACE Connection: {"action":"com.lenerystia.zed.build","context":"e0322927d66f4b66a19092ea6d5ca5cd","device":"2d59f1ec475baf9464d0f94d63e71a9d","event":"keyUp","payload":{"coordinates":{"column":2,"row":0},"isInMultiAction":false,"settings":{}}}
2025-08-11T14:06:25.580Z TRACE Connection: {"action":"com.lenerystia.zed.terminal","context":"d974604b983547806db0eedc571063b7","device":"2d59f1ec475baf9464d0f94d63e71a9d","event":"keyDown","payload":{"coordinates":{"column":1,"row":0},"isInMultiAction":false,"settings":{"command":"wt"}}}
2025-08-11T14:06:25.584Z TRACE Connection: {"event":"showOk","context":"d974604b983547806db0eedc571063b7"}
2025-08-11T14:06:25.643Z TRACE Connection: {"action":"com.lenerystia.zed.build","context":"e0322927d66f4b66a19092ea6d5ca5cd","device":"2d59f1ec475baf9464d0f94d63e71a9d","event":"keyDown","payload":{"coordinates":{"column":2,"row":0},"isInMultiAction":false,"settings":{}}}
2025-08-11T14:06:25.647Z TRACE Connection: {"event":"showOk","context":"e0322927d66f4b66a19092ea6d5ca5cd"}
2025-08-11T14:06:25.704Z TRACE Connection: {"action":"com.lenerystia.zed.terminal","context":"d974604b983547806db0eedc571063b7","device":"2d59f1ec475baf9464d0f94d63e71a9d","event":"keyUp","payload":{"coordinates":{"column":1,"row":0},"isInMultiAction":false,"settings":{"command":"wt"}}}
2025-08-11T14:06:25.767Z TRACE Connection: {"action":"com.lenerystia.zed.build","context":"e0322927d66f4b66a19092ea6d5ca5cd","device":"2d59f1ec475baf9464d0f94d63e71a9d","event":"keyUp","payload":{"coordinates":{"column":2,"row":0},"isInMultiAction":false,"settings":{}}}
2025-08-11T14:06:25.830Z TRACE Connection: {"action":"com.lenerystia.zed.terminal","context":"d974604b983547806db0eedc571063b7","device":"2d59f1ec475baf9464d0f94d63e71a9d","event":"keyDown","payload":{"coordinates":{"column":1,"row":0},"isInMultiAction":false,"settings":{"command":"wt"}}}
2025-08-11T14:06:25.834Z TRACE Connection: {"event":"showOk","context":"d974604b983547806db0eedc571063b7"}
2025-08-11T14:06:25.892Z TRACE Connection: {"action":"com.lenerystia.zed.build","context":"e0322927d66f4b66a19092ea6d5ca5cd","device":"2d59f1ec475baf9464d0f94d63e71a9d","event":"keyDown","payload":{"coordinates":{"column":2,"row":0},"isInMultiAction":false,"settings":{}}}
2025-08-11T14:06:25.897Z TRACE Connection: {"event":"showOk","context":"e0322927d66f4b66a19092ea6d5ca5cd"}
2025-08-11T14:06:25.953Z TRACE Connection: {"action":"com.lenerystia.zed.terminal","context":"d974604b983547806db0eedc571063b7","device":"2d59f1ec475baf9464d0f94d63e71a9d","event":"keyUp","payload":{"coordinates":{"column":1,"row":0},"isInMultiAction":false,"settings":{"command":"wt"}}}
2025-08-11T14:06:26.015Z TRACE Connection: {"action":"com.lenerystia.zed.build","context":"e0322927d66f4b66a19092ea6d5ca5cd","device":"2d59f1ec475baf9464d0f94d63e71a9d","event":"keyUp","payload":{"coordinates":{"column":2,"row":0},"isInMultiAction":false,"settings":{}}}
2025-08-11T14:06:26.141Z TRACE Connection: {"action":"com.lenerystia.zed.terminal","context":"d974604b983547806db0eedc571063b7","device":"2d59f1ec475baf9464d0f94d63e71a9d","event":"keyDown","payload":{"coordinates":{"column":1,"row":0},"isInMultiAction":false,"settings":{"command":"wt"}}}
2025-08-11T14:06:26.145Z TRACE Connection: {"event":"showOk","context":"d974604b983547806db0eedc571063b7"}
2025-08-11T14:06:26.202Z TRACE Connection: {"action":"com.lenerystia.zed.build","context":"e0322927d66f4b66a19092ea6d5ca5cd","device":"2d59f1ec475baf9464d0f94d63e71a9d","event":"keyDown","payload":{"coordinates":{"column":2,"row":0},"isInMultiAction":false,"settings":{}}}
2025-08-11T14:06:26.206Z TRACE Connection: {"event":"showOk","context":"e0322927d66f4b66a19092ea6d5ca5cd"}
2025-08-11T14:06:26.264Z TRACE Connection: {"action":"com.lenerystia.zed.terminal","context":"d974604b983547806db0eedc571063b7","device":"2d59f1ec475baf9464d0f94d63e71a9d","event":"keyUp","payload":{"coordinates":{"column":1,"row":0},"isInMultiAction":false,"settings":{"command":"wt"}}}
2025-08-11T14:06:26.326Z TRACE Connection: {"action":"com.lenerystia.zed.build","context":"e0322927d66f4b66a19092ea6d5ca5cd","device":"2d59f1ec475baf9464d0f94d63e71a9d","event":"keyUp","payload":{"coordinates":{"column":2,"row":0},"isInMultiAction":false,"settings":{}}}
2025-08-11T14:06:26.449Z TRACE Connection: {"action":"com.lenerystia.zed.build","context":"e0322927d66f4b66a19092ea6d5ca5cd","device":"2d59f1ec475baf9464d0f94d63e71a9d","event":"keyDown","payload":{"coordinates":{"column":2,"row":0},"isInMultiAction":false,"settings":{}}}
2025-08-11T14:06:26.454Z TRACE Connection: {"event":"showOk","context":"e0322927d66f4b66a19092ea6d5ca5cd"}
2025-08-11T14:06:26.577Z TRACE Connection: {"action":"com.lenerystia.zed.terminal","context":"d974604b983547806db0eedc571063b7","device":"2d59f1ec475baf9464d0f94d63e71a9d","event":"keyDown","payload":{"coordinates":{"column":1,"row":0},"isInMultiAction":false,"settings":{"command":"wt"}}}
2025-08-11T14:06:26.581Z TRACE Connection: {"event":"showOk","context":"d974604b983547806db0eedc571063b7"}
2025-08-11T14:06:26.638Z TRACE Connection: {"action":"com.lenerystia.zed.terminal","context":"d974604b983547806db0eedc571063b7","device":"2d59f1ec475baf9464d0f94d63e71a9d","event":"keyUp","payload":{"coordinates":{"column":1,"row":0},"isInMultiAction":false,"settings":{"command":"wt"}}}
2025-08-11T14:06:26.701Z TRACE Connection: {"action":"com.lenerystia.zed.build","context":"e0322927d66f4b66a19092ea6d5ca5cd","device":"2d59f1ec475baf9464d0f94d63e71a9d","event":"keyUp","payload":{"coordinates":{"column":2,"row":0},"isInMultiAction":false,"settings":{}}}
2025-08-11T14:07:32.905Z TRACE Connection: {"action":"com.lenerystia.zed.terminal","context":"d974604b983547806db0eedc571063b7","device":"2d59f1ec475baf9464d0f94d63e71a9d","event":"keyDown","payload":{"coordinates":{"column":1,"row":0},"isInMultiAction":false,"settings":{"command":"wt"}}}
2025-08-11T14:07:32.965Z TRACE Connection: {"action":"com.lenerystia.zed.terminal","context":"d974604b983547806db0eedc571063b7","device":"2d59f1ec475baf9464d0f94d63e71a9d","event":"keyUp","payload":{"coordinates":{"column":1,"row":0},"isInMultiAction":false,"settings":{"command":"wt"}}}
2025-08-11T14:07:33.160Z TRACE Connection: {"event":"showOk","context":"d974604b983547806db0eedc571063b7"}
2025-08-11T14:07:33.461Z TRACE Connection: {"action":"com.lenerystia.zed.terminal","context":"d974604b983547806db0eedc571063b7","device":"2d59f1ec475baf9464d0f94d63e71a9d","event":"keyDown","payload":{"coordinates":{"column":1,"row":0},"isInMultiAction":false,"settings":{"command":"wt"}}}
2025-08-11T14:07:33.466Z TRACE Connection: {"event":"showOk","context":"d974604b983547806db0eedc571063b7"}
2025-08-11T14:07:33.585Z TRACE Connection: {"action":"com.lenerystia.zed.terminal","context":"d974604b983547806db0eedc571063b7","device":"2d59f1ec475baf9464d0f94d63e71a9d","event":"keyUp","payload":{"coordinates":{"column":1,"row":0},"isInMultiAction":false,"settings":{"command":"wt"}}}
2025-08-11T14:07:33.836Z TRACE Connection: {"action":"com.lenerystia.zed.terminal","context":"d974604b983547806db0eedc571063b7","device":"2d59f1ec475baf9464d0f94d63e71a9d","event":"keyDown","payload":{"coordinates":{"column":1,"row":0},"isInMultiAction":false,"settings":{"command":"wt"}}}
2025-08-11T14:07:33.840Z TRACE Connection: {"event":"showOk","context":"d974604b983547806db0eedc571063b7"}
2025-08-11T14:07:33.962Z TRACE Connection: {"action":"com.lenerystia.zed.terminal","context":"d974604b983547806db0eedc571063b7","device":"2d59f1ec475baf9464d0f94d63e71a9d","event":"keyUp","payload":{"coordinates":{"column":1,"row":0},"isInMultiAction":false,"settings":{"command":"wt"}}}
2025-08-11T14:07:35.205Z TRACE Connection: {"action":"com.lenerystia.zed.terminal","context":"d974604b983547806db0eedc571063b7","device":"2d59f1ec475baf9464d0f94d63e71a9d","event":"keyDown","payload":{"coordinates":{"column":1,"row":0},"isInMultiAction":false,"settings":{"command":"wt"}}}
2025-08-11T14:07:35.209Z TRACE Connection: {"event":"showOk","context":"d974604b983547806db0eedc571063b7"}
2025-08-11T14:07:35.329Z TRACE Connection: {"action":"com.lenerystia.zed.terminal","context":"d974604b983547806db0eedc571063b7","device":"2d59f1ec475baf9464d0f94d63e71a9d","event":"keyUp","payload":{"coordinates":{"column":1,"row":0},"isInMultiAction":false,"settings":{"command":"wt"}}}
2025-08-11T14:07:36.072Z TRACE Connection: {"action":"com.lenerystia.zed.terminal","context":"d974604b983547806db0eedc571063b7","device":"2d59f1ec475baf9464d0f94d63e71a9d","event":"keyDown","payload":{"coordinates":{"column":1,"row":0},"isInMultiAction":false,"settings":{"command":"wt"}}}
2025-08-11T14:07:36.076Z TRACE Connection: {"event":"showOk","context":"d974604b983547806db0eedc571063b7"}
2025-08-11T14:07:36.246Z TRACE Connection: {"action":"com.lenerystia.zed.terminal","context":"d974604b983547806db0eedc571063b7","device":"2d59f1ec475baf9464d0f94d63e71a9d","event":"keyUp","payload":{"coordinates":{"column":1,"row":0},"isInMultiAction":false,"settings":{"command":"wt"}}}
2025-08-11T14:07:41.536Z TRACE Connection: {"action":"com.lenerystia.zed.build","context":"e0322927d66f4b66a19092ea6d5ca5cd","device":"2d59f1ec475baf9464d0f94d63e71a9d","event":"keyDown","payload":{"coordinates":{"column":2,"row":0},"isInMultiAction":false,"settings":{}}}
2025-08-11T14:07:41.661Z TRACE Connection: {"action":"com.lenerystia.zed.build","context":"e0322927d66f4b66a19092ea6d5ca5cd","device":"2d59f1ec475baf9464d0f94d63e71a9d","event":"keyUp","payload":{"coordinates":{"column":2,"row":0},"isInMultiAction":false,"settings":{}}}
2025-08-11T14:07:41.814Z TRACE Connection: {"event":"showOk","context":"e0322927d66f4b66a19092ea6d5ca5cd"}
2025-08-11T14:07:41.909Z TRACE Connection: {"action":"com.lenerystia.zed.build","context":"e0322927d66f4b66a19092ea6d5ca5cd","device":"2d59f1ec475baf9464d0f94d63e71a9d","event":"keyDown","payload":{"coordinates":{"column":2,"row":0},"isInMultiAction":false,"settings":{}}}
2025-08-11T14:07:41.913Z TRACE Connection: {"event":"showOk","context":"e0322927d66f4b66a19092ea6d5ca5cd"}
2025-08-11T14:07:41.971Z TRACE Connection: {"action":"com.lenerystia.zed.build","context":"e0322927d66f4b66a19092ea6d5ca5cd","device":"2d59f1ec475baf9464d0f94d63e71a9d","event":"keyUp","payload":{"coordinates":{"column":2,"row":0},"isInMultiAction":false,"settings":{}}}
2025-08-11T14:07:42.032Z TRACE Connection: {"action":"com.lenerystia.zed.build","context":"e0322927d66f4b66a19092ea6d5ca5cd","device":"2d59f1ec475baf9464d0f94d63e71a9d","event":"keyDown","payload":{"coordinates":{"column":2,"row":0},"isInMultiAction":false,"settings":{}}}
2025-08-11T14:07:42.035Z TRACE Connection: {"event":"showOk","context":"e0322927d66f4b66a19092ea6d5ca5cd"}
2025-08-11T14:07:42.158Z TRACE Connection: {"action":"com.lenerystia.zed.build","context":"e0322927d66f4b66a19092ea6d5ca5cd","device":"2d59f1ec475baf9464d0f94d63e71a9d","event":"keyUp","payload":{"coordinates":{"column":2,"row":0},"isInMultiAction":false,"settings":{}}}
