2025-08-11T14:08:34.451Z DEBUG RegistrationParameters: port=28196
2025-08-11T14:08:34.451Z DEBUG RegistrationParameters: pluginUUID=c49f619f01d571c5704c93b4653eccba
2025-08-11T14:08:34.452Z DEBUG RegistrationParameters: registerEvent=registerPlugin
2025-08-11T14:08:34.452Z DEBUG RegistrationParameters: info={"application":{"font":"Segoe UI","language":"en","platform":"windows","platformVersion":"10.0.22631","version":"6.9.1.21711"},"colors":{"buttonMouseOverBackgroundColor":"#464646FF","buttonPressedBackgroundColor":"#303030FF","buttonPressedBorderColor":"#646464FF","buttonPressedTextColor":"#969696FF","highlightColor":"#0078FFFF"},"devicePixelRatio":1,"devices":[{"id":"2d59f1ec475baf9464d0f94d63e71a9d","name":"Stream Deck 2","size":{"columns":5,"rows":3},"type":0}],"plugin":{"uuid":"com.lenerystia.zed","version":"0.1.0.0"}}
2025-08-11T14:08:34.458Z TRACE Connection: {"device":"2d59f1ec475baf9464d0f94d63e71a9d","deviceInfo":{"name":"Stream Deck 2","size":{"columns":5,"rows":3},"type":0},"event":"deviceDidConnect"}
2025-08-11T14:08:34.459Z TRACE Connection: {"action":"com.lenerystia.zed.increment","context":"efbf1ba103279c31b261dbbfd8763f29","device":"2d59f1ec475baf9464d0f94d63e71a9d","event":"willAppear","payload":{"controller":"Keypad","coordinates":{"column":0,"row":0},"isInMultiAction":false,"settings":{"count":11,"incrementBy":1}}}
2025-08-11T14:08:34.459Z TRACE Connection: {"action":"com.lenerystia.zed.increment","context":"efbf1ba103279c31b261dbbfd8763f29","device":"2d59f1ec475baf9464d0f94d63e71a9d","event":"titleParametersDidChange","payload":{"controller":"Keypad","coordinates":{"column":0,"row":0},"settings":{"count":11,"incrementBy":1},"state":0,"title":"","titleParameters":{"fontFamily":"","fontSize":9,"fontStyle":"","fontUnderline":false,"showTitle":true,"titleAlignment":"middle","titleColor":"#ffffff"}}}
2025-08-11T14:08:34.459Z TRACE Connection: {"action":"com.lenerystia.zed.terminal","context":"d974604b983547806db0eedc571063b7","device":"2d59f1ec475baf9464d0f94d63e71a9d","event":"willAppear","payload":{"controller":"Keypad","coordinates":{"column":1,"row":0},"isInMultiAction":false,"settings":{"command":"wt"}}}
2025-08-11T14:08:34.459Z TRACE Connection: {"action":"com.lenerystia.zed.terminal","context":"d974604b983547806db0eedc571063b7","device":"2d59f1ec475baf9464d0f94d63e71a9d","event":"titleParametersDidChange","payload":{"controller":"Keypad","coordinates":{"column":1,"row":0},"settings":{"command":"wt"},"state":0,"title":"","titleParameters":{"fontFamily":"","fontSize":9,"fontStyle":"","fontUnderline":false,"showTitle":true,"titleAlignment":"middle","titleColor":"#ffffff"}}}
2025-08-11T14:08:34.460Z TRACE Connection: {"action":"com.lenerystia.zed.build","context":"e0322927d66f4b66a19092ea6d5ca5cd","device":"2d59f1ec475baf9464d0f94d63e71a9d","event":"willAppear","payload":{"controller":"Keypad","coordinates":{"column":2,"row":0},"isInMultiAction":false,"settings":{}}}
2025-08-11T14:08:34.460Z TRACE Connection: {"action":"com.lenerystia.zed.build","context":"e0322927d66f4b66a19092ea6d5ca5cd","device":"2d59f1ec475baf9464d0f94d63e71a9d","event":"titleParametersDidChange","payload":{"controller":"Keypad","coordinates":{"column":2,"row":0},"settings":{},"state":0,"title":"","titleParameters":{"fontFamily":"","fontSize":9,"fontStyle":"","fontUnderline":false,"showTitle":true,"titleAlignment":"middle","titleColor":"#ffffff"}}}
2025-08-11T14:08:34.460Z TRACE Connection: {"event":"setTitle","context":"efbf1ba103279c31b261dbbfd8763f29","payload":{"title":"11"}}
2025-08-11T14:08:34.461Z TRACE Connection: {"event":"setTitle","context":"d974604b983547806db0eedc571063b7","payload":{"title":"Terminal"}}
2025-08-11T14:08:34.461Z TRACE Connection: {"event":"setTitle","context":"e0322927d66f4b66a19092ea6d5ca5cd","payload":{"title":"Build"}}
2025-08-11T14:09:22.501Z TRACE Connection: {"action":"com.lenerystia.zed.terminal","context":"d974604b983547806db0eedc571063b7","device":"2d59f1ec475baf9464d0f94d63e71a9d","event":"keyDown","payload":{"coordinates":{"column":1,"row":0},"isInMultiAction":false,"settings":{"command":"wt"}}}
2025-08-11T14:09:22.529Z TRACE Connection: {"event":"showOk","context":"d974604b983547806db0eedc571063b7"}
2025-08-11T14:09:22.561Z TRACE Connection: {"action":"com.lenerystia.zed.terminal","context":"d974604b983547806db0eedc571063b7","device":"2d59f1ec475baf9464d0f94d63e71a9d","event":"keyUp","payload":{"coordinates":{"column":1,"row":0},"isInMultiAction":false,"settings":{"command":"wt"}}}
2025-08-11T14:09:23.932Z TRACE Connection: {"action":"com.lenerystia.zed.build","context":"e0322927d66f4b66a19092ea6d5ca5cd","device":"2d59f1ec475baf9464d0f94d63e71a9d","event":"keyDown","payload":{"coordinates":{"column":2,"row":0},"isInMultiAction":false,"settings":{}}}
2025-08-11T14:09:24.052Z TRACE Connection: {"action":"com.lenerystia.zed.build","context":"e0322927d66f4b66a19092ea6d5ca5cd","device":"2d59f1ec475baf9464d0f94d63e71a9d","event":"keyUp","payload":{"coordinates":{"column":2,"row":0},"isInMultiAction":false,"settings":{}}}
2025-08-11T14:09:24.174Z TRACE Connection: {"event":"showOk","context":"e0322927d66f4b66a19092ea6d5ca5cd"}
2025-08-11T14:09:24.725Z TRACE Connection: {"action":"com.lenerystia.zed.terminal","context":"d974604b983547806db0eedc571063b7","device":"2d59f1ec475baf9464d0f94d63e71a9d","event":"keyDown","payload":{"coordinates":{"column":1,"row":0},"isInMultiAction":false,"settings":{"command":"wt"}}}
2025-08-11T14:09:24.729Z TRACE Connection: {"event":"showOk","context":"d974604b983547806db0eedc571063b7"}
2025-08-11T14:09:24.847Z TRACE Connection: {"action":"com.lenerystia.zed.terminal","context":"d974604b983547806db0eedc571063b7","device":"2d59f1ec475baf9464d0f94d63e71a9d","event":"keyUp","payload":{"coordinates":{"column":1,"row":0},"isInMultiAction":false,"settings":{"command":"wt"}}}
2025-08-11T14:09:25.032Z TRACE Connection: {"action":"com.lenerystia.zed.build","context":"e0322927d66f4b66a19092ea6d5ca5cd","device":"2d59f1ec475baf9464d0f94d63e71a9d","event":"keyDown","payload":{"coordinates":{"column":2,"row":0},"isInMultiAction":false,"settings":{}}}
2025-08-11T14:09:25.036Z TRACE Connection: {"event":"showOk","context":"e0322927d66f4b66a19092ea6d5ca5cd"}
2025-08-11T14:09:25.156Z TRACE Connection: {"action":"com.lenerystia.zed.build","context":"e0322927d66f4b66a19092ea6d5ca5cd","device":"2d59f1ec475baf9464d0f94d63e71a9d","event":"keyUp","payload":{"coordinates":{"column":2,"row":0},"isInMultiAction":false,"settings":{}}}
2025-08-11T14:09:25.344Z TRACE Connection: {"action":"com.lenerystia.zed.terminal","context":"d974604b983547806db0eedc571063b7","device":"2d59f1ec475baf9464d0f94d63e71a9d","event":"keyDown","payload":{"coordinates":{"column":1,"row":0},"isInMultiAction":false,"settings":{"command":"wt"}}}
2025-08-11T14:09:25.348Z TRACE Connection: {"event":"showOk","context":"d974604b983547806db0eedc571063b7"}
2025-08-11T14:09:25.405Z TRACE Connection: {"action":"com.lenerystia.zed.terminal","context":"d974604b983547806db0eedc571063b7","device":"2d59f1ec475baf9464d0f94d63e71a9d","event":"keyUp","payload":{"coordinates":{"column":1,"row":0},"isInMultiAction":false,"settings":{"command":"wt"}}}
2025-08-11T14:09:25.591Z TRACE Connection: {"action":"com.lenerystia.zed.build","context":"e0322927d66f4b66a19092ea6d5ca5cd","device":"2d59f1ec475baf9464d0f94d63e71a9d","event":"keyDown","payload":{"coordinates":{"column":2,"row":0},"isInMultiAction":false,"settings":{}}}
2025-08-11T14:09:25.595Z TRACE Connection: {"event":"showOk","context":"e0322927d66f4b66a19092ea6d5ca5cd"}
2025-08-11T14:09:25.652Z TRACE Connection: {"action":"com.lenerystia.zed.build","context":"e0322927d66f4b66a19092ea6d5ca5cd","device":"2d59f1ec475baf9464d0f94d63e71a9d","event":"keyUp","payload":{"coordinates":{"column":2,"row":0},"isInMultiAction":false,"settings":{}}}
2025-08-11T14:09:25.842Z TRACE Connection: {"action":"com.lenerystia.zed.terminal","context":"d974604b983547806db0eedc571063b7","device":"2d59f1ec475baf9464d0f94d63e71a9d","event":"keyDown","payload":{"coordinates":{"column":1,"row":0},"isInMultiAction":false,"settings":{"command":"wt"}}}
2025-08-11T14:09:25.846Z TRACE Connection: {"event":"showOk","context":"d974604b983547806db0eedc571063b7"}
2025-08-11T14:09:25.965Z TRACE Connection: {"action":"com.lenerystia.zed.terminal","context":"d974604b983547806db0eedc571063b7","device":"2d59f1ec475baf9464d0f94d63e71a9d","event":"keyUp","payload":{"coordinates":{"column":1,"row":0},"isInMultiAction":false,"settings":{"command":"wt"}}}
2025-08-11T14:09:26.153Z TRACE Connection: {"action":"com.lenerystia.zed.build","context":"e0322927d66f4b66a19092ea6d5ca5cd","device":"2d59f1ec475baf9464d0f94d63e71a9d","event":"keyDown","payload":{"coordinates":{"column":2,"row":0},"isInMultiAction":false,"settings":{}}}
2025-08-11T14:09:26.157Z TRACE Connection: {"event":"showOk","context":"e0322927d66f4b66a19092ea6d5ca5cd"}
2025-08-11T14:09:26.214Z TRACE Connection: {"action":"com.lenerystia.zed.build","context":"e0322927d66f4b66a19092ea6d5ca5cd","device":"2d59f1ec475baf9464d0f94d63e71a9d","event":"keyUp","payload":{"coordinates":{"column":2,"row":0},"isInMultiAction":false,"settings":{}}}
2025-08-11T14:09:26.391Z TRACE Connection: {"action":"com.lenerystia.zed.terminal","context":"d974604b983547806db0eedc571063b7","device":"2d59f1ec475baf9464d0f94d63e71a9d","event":"keyDown","payload":{"coordinates":{"column":1,"row":0},"isInMultiAction":false,"settings":{"command":"wt"}}}
2025-08-11T14:09:26.395Z TRACE Connection: {"event":"showOk","context":"d974604b983547806db0eedc571063b7"}
2025-08-11T14:09:26.511Z TRACE Connection: {"action":"com.lenerystia.zed.terminal","context":"d974604b983547806db0eedc571063b7","device":"2d59f1ec475baf9464d0f94d63e71a9d","event":"keyUp","payload":{"coordinates":{"column":1,"row":0},"isInMultiAction":false,"settings":{"command":"wt"}}}
2025-08-11T14:09:26.701Z TRACE Connection: {"action":"com.lenerystia.zed.build","context":"e0322927d66f4b66a19092ea6d5ca5cd","device":"2d59f1ec475baf9464d0f94d63e71a9d","event":"keyDown","payload":{"coordinates":{"column":2,"row":0},"isInMultiAction":false,"settings":{}}}
2025-08-11T14:09:26.704Z TRACE Connection: {"event":"showOk","context":"e0322927d66f4b66a19092ea6d5ca5cd"}
2025-08-11T14:09:26.825Z TRACE Connection: {"action":"com.lenerystia.zed.build","context":"e0322927d66f4b66a19092ea6d5ca5cd","device":"2d59f1ec475baf9464d0f94d63e71a9d","event":"keyUp","payload":{"coordinates":{"column":2,"row":0},"isInMultiAction":false,"settings":{}}}
2025-08-11T14:09:26.950Z TRACE Connection: {"action":"com.lenerystia.zed.terminal","context":"d974604b983547806db0eedc571063b7","device":"2d59f1ec475baf9464d0f94d63e71a9d","event":"keyDown","payload":{"coordinates":{"column":1,"row":0},"isInMultiAction":false,"settings":{"command":"wt"}}}
2025-08-11T14:09:26.953Z TRACE Connection: {"event":"showOk","context":"d974604b983547806db0eedc571063b7"}
2025-08-11T14:09:27.074Z TRACE Connection: {"action":"com.lenerystia.zed.terminal","context":"d974604b983547806db0eedc571063b7","device":"2d59f1ec475baf9464d0f94d63e71a9d","event":"keyUp","payload":{"coordinates":{"column":1,"row":0},"isInMultiAction":false,"settings":{"command":"wt"}}}
2025-08-11T14:09:27.202Z TRACE Connection: {"action":"com.lenerystia.zed.build","context":"e0322927d66f4b66a19092ea6d5ca5cd","device":"2d59f1ec475baf9464d0f94d63e71a9d","event":"keyDown","payload":{"coordinates":{"column":2,"row":0},"isInMultiAction":false,"settings":{}}}
2025-08-11T14:09:27.206Z TRACE Connection: {"event":"showOk","context":"e0322927d66f4b66a19092ea6d5ca5cd"}
2025-08-11T14:09:27.324Z TRACE Connection: {"action":"com.lenerystia.zed.build","context":"e0322927d66f4b66a19092ea6d5ca5cd","device":"2d59f1ec475baf9464d0f94d63e71a9d","event":"keyUp","payload":{"coordinates":{"column":2,"row":0},"isInMultiAction":false,"settings":{}}}
2025-08-11T14:09:37.960Z TRACE Connection: {"action":"com.lenerystia.zed.terminal","context":"d974604b983547806db0eedc571063b7","device":"2d59f1ec475baf9464d0f94d63e71a9d","event":"keyDown","payload":{"coordinates":{"column":1,"row":0},"isInMultiAction":false,"settings":{"command":"wt"}}}
2025-08-11T14:09:37.964Z TRACE Connection: {"event":"showOk","context":"d974604b983547806db0eedc571063b7"}
2025-08-11T14:09:38.021Z TRACE Connection: {"action":"com.lenerystia.zed.terminal","context":"d974604b983547806db0eedc571063b7","device":"2d59f1ec475baf9464d0f94d63e71a9d","event":"keyUp","payload":{"coordinates":{"column":1,"row":0},"isInMultiAction":false,"settings":{"command":"wt"}}}
2025-08-11T14:09:38.271Z TRACE Connection: {"action":"com.lenerystia.zed.build","context":"e0322927d66f4b66a19092ea6d5ca5cd","device":"2d59f1ec475baf9464d0f94d63e71a9d","event":"keyDown","payload":{"coordinates":{"column":2,"row":0},"isInMultiAction":false,"settings":{}}}
2025-08-11T14:09:38.274Z TRACE Connection: {"event":"showOk","context":"e0322927d66f4b66a19092ea6d5ca5cd"}
2025-08-11T14:09:38.331Z TRACE Connection: {"action":"com.lenerystia.zed.build","context":"e0322927d66f4b66a19092ea6d5ca5cd","device":"2d59f1ec475baf9464d0f94d63e71a9d","event":"keyUp","payload":{"coordinates":{"column":2,"row":0},"isInMultiAction":false,"settings":{}}}
2025-08-11T14:09:38.582Z TRACE Connection: {"action":"com.lenerystia.zed.terminal","context":"d974604b983547806db0eedc571063b7","device":"2d59f1ec475baf9464d0f94d63e71a9d","event":"keyDown","payload":{"coordinates":{"column":1,"row":0},"isInMultiAction":false,"settings":{"command":"wt"}}}
2025-08-11T14:09:38.586Z TRACE Connection: {"event":"showOk","context":"d974604b983547806db0eedc571063b7"}
2025-08-11T14:09:38.644Z TRACE Connection: {"action":"com.lenerystia.zed.terminal","context":"d974604b983547806db0eedc571063b7","device":"2d59f1ec475baf9464d0f94d63e71a9d","event":"keyUp","payload":{"coordinates":{"column":1,"row":0},"isInMultiAction":false,"settings":{"command":"wt"}}}
2025-08-11T14:09:38.770Z TRACE Connection: {"action":"com.lenerystia.zed.terminal","context":"d974604b983547806db0eedc571063b7","device":"2d59f1ec475baf9464d0f94d63e71a9d","event":"keyDown","payload":{"coordinates":{"column":1,"row":0},"isInMultiAction":false,"settings":{"command":"wt"}}}
2025-08-11T14:09:38.776Z TRACE Connection: {"event":"showOk","context":"d974604b983547806db0eedc571063b7"}
2025-08-11T14:09:38.831Z TRACE Connection: {"action":"com.lenerystia.zed.terminal","context":"d974604b983547806db0eedc571063b7","device":"2d59f1ec475baf9464d0f94d63e71a9d","event":"keyUp","payload":{"coordinates":{"column":1,"row":0},"isInMultiAction":false,"settings":{"command":"wt"}}}
2025-08-11T14:09:38.897Z TRACE Connection: {"action":"com.lenerystia.zed.terminal","context":"d974604b983547806db0eedc571063b7","device":"2d59f1ec475baf9464d0f94d63e71a9d","event":"keyDown","payload":{"coordinates":{"column":1,"row":0},"isInMultiAction":false,"settings":{"command":"wt"}}}
2025-08-11T14:09:38.902Z TRACE Connection: {"event":"showOk","context":"d974604b983547806db0eedc571063b7"}
2025-08-11T14:09:38.957Z TRACE Connection: {"action":"com.lenerystia.zed.terminal","context":"d974604b983547806db0eedc571063b7","device":"2d59f1ec475baf9464d0f94d63e71a9d","event":"keyUp","payload":{"coordinates":{"column":1,"row":0},"isInMultiAction":false,"settings":{"command":"wt"}}}
2025-08-11T14:09:39.020Z TRACE Connection: {"action":"com.lenerystia.zed.terminal","context":"d974604b983547806db0eedc571063b7","device":"2d59f1ec475baf9464d0f94d63e71a9d","event":"keyDown","payload":{"coordinates":{"column":1,"row":0},"isInMultiAction":false,"settings":{"command":"wt"}}}
2025-08-11T14:09:39.024Z TRACE Connection: {"event":"showOk","context":"d974604b983547806db0eedc571063b7"}
2025-08-11T14:09:39.083Z TRACE Connection: {"action":"com.lenerystia.zed.terminal","context":"d974604b983547806db0eedc571063b7","device":"2d59f1ec475baf9464d0f94d63e71a9d","event":"keyUp","payload":{"coordinates":{"column":1,"row":0},"isInMultiAction":false,"settings":{"command":"wt"}}}
2025-08-11T14:11:02.875Z TRACE Connection: {"action":"com.lenerystia.zed.terminal","context":"d974604b983547806db0eedc571063b7","device":"2d59f1ec475baf9464d0f94d63e71a9d","event":"keyDown","payload":{"coordinates":{"column":1,"row":0},"isInMultiAction":false,"settings":{"command":"wt"}}}
2025-08-11T14:11:03.063Z TRACE Connection: {"action":"com.lenerystia.zed.terminal","context":"d974604b983547806db0eedc571063b7","device":"2d59f1ec475baf9464d0f94d63e71a9d","event":"keyUp","payload":{"coordinates":{"column":1,"row":0},"isInMultiAction":false,"settings":{"command":"wt"}}}
2025-08-11T14:11:03.183Z TRACE Connection: {"action":"com.lenerystia.zed.terminal","context":"d974604b983547806db0eedc571063b7","device":"2d59f1ec475baf9464d0f94d63e71a9d","event":"keyDown","payload":{"coordinates":{"column":1,"row":0},"isInMultiAction":false,"settings":{"command":"wt"}}}
2025-08-11T14:11:03.292Z TRACE Connection: {"event":"showOk","context":"d974604b983547806db0eedc571063b7"}
2025-08-11T14:11:03.295Z TRACE Connection: {"action":"com.lenerystia.zed.terminal","context":"d974604b983547806db0eedc571063b7","device":"2d59f1ec475baf9464d0f94d63e71a9d","event":"keyUp","payload":{"coordinates":{"column":1,"row":0},"isInMultiAction":false,"settings":{"command":"wt"}}}
2025-08-11T14:11:03.295Z TRACE Connection: {"event":"showOk","context":"d974604b983547806db0eedc571063b7"}
2025-08-11T14:11:03.408Z TRACE Connection: {"action":"com.lenerystia.zed.terminal","context":"d974604b983547806db0eedc571063b7","device":"2d59f1ec475baf9464d0f94d63e71a9d","event":"keyDown","payload":{"coordinates":{"column":1,"row":0},"isInMultiAction":false,"settings":{"command":"wt"}}}
2025-08-11T14:11:03.412Z TRACE Connection: {"event":"showOk","context":"d974604b983547806db0eedc571063b7"}
2025-08-11T14:11:03.473Z TRACE Connection: {"action":"com.lenerystia.zed.terminal","context":"d974604b983547806db0eedc571063b7","device":"2d59f1ec475baf9464d0f94d63e71a9d","event":"keyUp","payload":{"coordinates":{"column":1,"row":0},"isInMultiAction":false,"settings":{"command":"wt"}}}
2025-08-11T14:11:03.719Z TRACE Connection: {"action":"com.lenerystia.zed.build","context":"e0322927d66f4b66a19092ea6d5ca5cd","device":"2d59f1ec475baf9464d0f94d63e71a9d","event":"keyDown","payload":{"coordinates":{"column":2,"row":0},"isInMultiAction":false,"settings":{}}}
2025-08-11T14:11:03.780Z TRACE Connection: {"action":"com.lenerystia.zed.build","context":"e0322927d66f4b66a19092ea6d5ca5cd","device":"2d59f1ec475baf9464d0f94d63e71a9d","event":"keyUp","payload":{"coordinates":{"column":2,"row":0},"isInMultiAction":false,"settings":{}}}
2025-08-11T14:11:03.967Z TRACE Connection: {"action":"com.lenerystia.zed.build","context":"e0322927d66f4b66a19092ea6d5ca5cd","device":"2d59f1ec475baf9464d0f94d63e71a9d","event":"keyDown","payload":{"coordinates":{"column":2,"row":0},"isInMultiAction":false,"settings":{}}}
2025-08-11T14:11:04.028Z TRACE Connection: {"action":"com.lenerystia.zed.build","context":"e0322927d66f4b66a19092ea6d5ca5cd","device":"2d59f1ec475baf9464d0f94d63e71a9d","event":"keyUp","payload":{"coordinates":{"column":2,"row":0},"isInMultiAction":false,"settings":{}}}
2025-08-11T14:11:04.051Z TRACE Connection: {"event":"showOk","context":"e0322927d66f4b66a19092ea6d5ca5cd"}
2025-08-11T14:11:04.054Z TRACE Connection: {"event":"showOk","context":"e0322927d66f4b66a19092ea6d5ca5cd"}
2025-08-11T15:14:28.036Z TRACE Connection: {"action":"com.lenerystia.zed.increment","context":"efbf1ba103279c31b261dbbfd8763f29","device":"2d59f1ec475baf9464d0f94d63e71a9d","event":"willDisappear","payload":{"controller":"Keypad","coordinates":{"column":0,"row":0},"isInMultiAction":false,"settings":{"count":11,"incrementBy":1}}}
2025-08-11T15:14:28.037Z TRACE Connection: {"action":"com.lenerystia.zed.terminal","context":"d974604b983547806db0eedc571063b7","device":"2d59f1ec475baf9464d0f94d63e71a9d","event":"willDisappear","payload":{"controller":"Keypad","coordinates":{"column":1,"row":0},"isInMultiAction":false,"settings":{"command":"wt"}}}
2025-08-11T15:14:28.037Z TRACE Connection: {"action":"com.lenerystia.zed.build","context":"e0322927d66f4b66a19092ea6d5ca5cd","device":"2d59f1ec475baf9464d0f94d63e71a9d","event":"willDisappear","payload":{"controller":"Keypad","coordinates":{"column":2,"row":0},"isInMultiAction":false,"settings":{}}}
2025-08-11T15:18:32.205Z TRACE Connection: {"action":"com.lenerystia.zed.increment","context":"efbf1ba103279c31b261dbbfd8763f29","device":"2d59f1ec475baf9464d0f94d63e71a9d","event":"willAppear","payload":{"controller":"Keypad","coordinates":{"column":0,"row":0},"isInMultiAction":false,"settings":{"count":11,"incrementBy":1}}}
2025-08-11T15:18:32.205Z TRACE Connection: {"action":"com.lenerystia.zed.increment","context":"efbf1ba103279c31b261dbbfd8763f29","device":"2d59f1ec475baf9464d0f94d63e71a9d","event":"titleParametersDidChange","payload":{"controller":"Keypad","coordinates":{"column":0,"row":0},"settings":{"count":11,"incrementBy":1},"state":0,"title":"","titleParameters":{"fontFamily":"","fontSize":9,"fontStyle":"","fontUnderline":false,"showTitle":true,"titleAlignment":"middle","titleColor":"#ffffff"}}}
2025-08-11T15:18:32.205Z TRACE Connection: {"action":"com.lenerystia.zed.terminal","context":"d974604b983547806db0eedc571063b7","device":"2d59f1ec475baf9464d0f94d63e71a9d","event":"willAppear","payload":{"controller":"Keypad","coordinates":{"column":1,"row":0},"isInMultiAction":false,"settings":{"command":"wt"}}}
2025-08-11T15:18:32.205Z TRACE Connection: {"action":"com.lenerystia.zed.terminal","context":"d974604b983547806db0eedc571063b7","device":"2d59f1ec475baf9464d0f94d63e71a9d","event":"titleParametersDidChange","payload":{"controller":"Keypad","coordinates":{"column":1,"row":0},"settings":{"command":"wt"},"state":0,"title":"","titleParameters":{"fontFamily":"","fontSize":9,"fontStyle":"","fontUnderline":false,"showTitle":true,"titleAlignment":"middle","titleColor":"#ffffff"}}}
2025-08-11T15:18:32.206Z TRACE Connection: {"action":"com.lenerystia.zed.build","context":"e0322927d66f4b66a19092ea6d5ca5cd","device":"2d59f1ec475baf9464d0f94d63e71a9d","event":"willAppear","payload":{"controller":"Keypad","coordinates":{"column":2,"row":0},"isInMultiAction":false,"settings":{}}}
2025-08-11T15:18:32.206Z TRACE Connection: {"action":"com.lenerystia.zed.build","context":"e0322927d66f4b66a19092ea6d5ca5cd","device":"2d59f1ec475baf9464d0f94d63e71a9d","event":"titleParametersDidChange","payload":{"controller":"Keypad","coordinates":{"column":2,"row":0},"settings":{},"state":0,"title":"","titleParameters":{"fontFamily":"","fontSize":9,"fontStyle":"","fontUnderline":false,"showTitle":true,"titleAlignment":"middle","titleColor":"#ffffff"}}}
2025-08-11T15:18:32.206Z TRACE Connection: {"event":"setTitle","context":"efbf1ba103279c31b261dbbfd8763f29","payload":{"title":"11"}}
2025-08-11T15:18:32.206Z TRACE Connection: {"event":"setTitle","context":"d974604b983547806db0eedc571063b7","payload":{"title":"Terminal"}}
2025-08-11T15:18:32.207Z TRACE Connection: {"event":"setTitle","context":"e0322927d66f4b66a19092ea6d5ca5cd","payload":{"title":"Build"}}
2025-08-11T15:33:04.599Z TRACE Connection: {"action":"com.lenerystia.zed.terminal","context":"d974604b983547806db0eedc571063b7","device":"2d59f1ec475baf9464d0f94d63e71a9d","event":"keyDown","payload":{"coordinates":{"column":1,"row":0},"isInMultiAction":false,"settings":{"command":"wt"}}}
2025-08-11T15:33:04.660Z TRACE Connection: {"action":"com.lenerystia.zed.terminal","context":"d974604b983547806db0eedc571063b7","device":"2d59f1ec475baf9464d0f94d63e71a9d","event":"keyUp","payload":{"coordinates":{"column":1,"row":0},"isInMultiAction":false,"settings":{"command":"wt"}}}
2025-08-11T15:33:05.062Z TRACE Connection: {"event":"showOk","context":"d974604b983547806db0eedc571063b7"}
2025-08-11T15:33:05.232Z TRACE Connection: {"action":"com.lenerystia.zed.build","context":"e0322927d66f4b66a19092ea6d5ca5cd","device":"2d59f1ec475baf9464d0f94d63e71a9d","event":"keyDown","payload":{"coordinates":{"column":2,"row":0},"isInMultiAction":false,"settings":{}}}
2025-08-11T15:33:05.360Z TRACE Connection: {"action":"com.lenerystia.zed.build","context":"e0322927d66f4b66a19092ea6d5ca5cd","device":"2d59f1ec475baf9464d0f94d63e71a9d","event":"keyUp","payload":{"coordinates":{"column":2,"row":0},"isInMultiAction":false,"settings":{}}}
2025-08-11T15:33:05.721Z TRACE Connection: {"event":"showOk","context":"e0322927d66f4b66a19092ea6d5ca5cd"}
2025-08-11T15:33:07.198Z TRACE Connection: {"action":"com.lenerystia.zed.increment","context":"efbf1ba103279c31b261dbbfd8763f29","device":"2d59f1ec475baf9464d0f94d63e71a9d","event":"keyDown","payload":{"coordinates":{"column":0,"row":0},"isInMultiAction":false,"settings":{"count":11,"incrementBy":1}}}
2025-08-11T15:33:07.198Z TRACE Connection: {"event":"setSettings","context":"efbf1ba103279c31b261dbbfd8763f29","payload":{"count":12,"incrementBy":1}}
2025-08-11T15:33:07.198Z TRACE Connection: {"event":"setTitle","context":"efbf1ba103279c31b261dbbfd8763f29","payload":{"title":"12"}}
2025-08-11T15:33:07.387Z TRACE Connection: {"action":"com.lenerystia.zed.increment","context":"efbf1ba103279c31b261dbbfd8763f29","device":"2d59f1ec475baf9464d0f94d63e71a9d","event":"keyUp","payload":{"coordinates":{"column":0,"row":0},"isInMultiAction":false,"settings":{"count":12,"incrementBy":1}}}
2025-08-11T15:33:08.534Z TRACE Connection: {"action":"com.lenerystia.zed.terminal","context":"d974604b983547806db0eedc571063b7","device":"2d59f1ec475baf9464d0f94d63e71a9d","event":"keyDown","payload":{"coordinates":{"column":1,"row":0},"isInMultiAction":false,"settings":{"command":"wt"}}}
2025-08-11T15:33:08.539Z TRACE Connection: {"event":"showOk","context":"d974604b983547806db0eedc571063b7"}
2025-08-11T15:33:08.647Z TRACE Connection: {"action":"com.lenerystia.zed.terminal","context":"d974604b983547806db0eedc571063b7","device":"2d59f1ec475baf9464d0f94d63e71a9d","event":"keyUp","payload":{"coordinates":{"column":1,"row":0},"isInMultiAction":false,"settings":{"command":"wt"}}}
2025-08-11T15:33:09.277Z TRACE Connection: {"action":"com.lenerystia.zed.build","context":"e0322927d66f4b66a19092ea6d5ca5cd","device":"2d59f1ec475baf9464d0f94d63e71a9d","event":"keyDown","payload":{"coordinates":{"column":2,"row":0},"isInMultiAction":false,"settings":{}}}
2025-08-11T15:33:09.281Z TRACE Connection: {"event":"showOk","context":"e0322927d66f4b66a19092ea6d5ca5cd"}
2025-08-11T15:33:09.469Z TRACE Connection: {"action":"com.lenerystia.zed.build","context":"e0322927d66f4b66a19092ea6d5ca5cd","device":"2d59f1ec475baf9464d0f94d63e71a9d","event":"keyUp","payload":{"coordinates":{"column":2,"row":0},"isInMultiAction":false,"settings":{}}}
