2025-08-11T15:35:57.578Z DEBUG RegistrationParameters: port=28196
2025-08-11T15:35:57.579Z DEBUG RegistrationParameters: pluginUUID=4762e888915deabec51c3acb255aca5a
2025-08-11T15:35:57.579Z DEBUG RegistrationParameters: registerEvent=registerPlugin
2025-08-11T15:35:57.579Z DEBUG RegistrationParameters: info={"application":{"font":"Segoe UI","language":"en","platform":"windows","platformVersion":"10.0.22631","version":"6.9.1.21711"},"colors":{"buttonMouseOverBackgroundColor":"#464646FF","buttonPressedBackgroundColor":"#303030FF","buttonPressedBorderColor":"#646464FF","buttonPressedTextColor":"#969696FF","highlightColor":"#0078FFFF"},"devicePixelRatio":1,"devices":[{"id":"2d59f1ec475baf9464d0f94d63e71a9d","name":"Stream Deck 2","size":{"columns":5,"rows":3},"type":0}],"plugin":{"uuid":"com.lenerystia.zed","version":"0.1.0.0"}}
2025-08-11T15:35:57.593Z TRACE Connection: {"device":"2d59f1ec475baf9464d0f94d63e71a9d","deviceInfo":{"name":"Stream Deck 2","size":{"columns":5,"rows":3},"type":0},"event":"deviceDidConnect"}
2025-08-11T15:35:57.593Z TRACE Connection: {"action":"com.lenerystia.zed.increment","context":"efbf1ba103279c31b261dbbfd8763f29","device":"2d59f1ec475baf9464d0f94d63e71a9d","event":"willAppear","payload":{"controller":"Keypad","coordinates":{"column":0,"row":0},"isInMultiAction":false,"settings":{"count":12,"incrementBy":1}}}
2025-08-11T15:35:57.594Z TRACE Connection: {"action":"com.lenerystia.zed.increment","context":"efbf1ba103279c31b261dbbfd8763f29","device":"2d59f1ec475baf9464d0f94d63e71a9d","event":"titleParametersDidChange","payload":{"controller":"Keypad","coordinates":{"column":0,"row":0},"settings":{"count":12,"incrementBy":1},"state":0,"title":"","titleParameters":{"fontFamily":"","fontSize":9,"fontStyle":"","fontUnderline":false,"showTitle":true,"titleAlignment":"middle","titleColor":"#ffffff"}}}
2025-08-11T15:35:57.594Z TRACE Connection: {"action":"com.lenerystia.zed.terminal","context":"d974604b983547806db0eedc571063b7","device":"2d59f1ec475baf9464d0f94d63e71a9d","event":"willAppear","payload":{"controller":"Keypad","coordinates":{"column":1,"row":0},"isInMultiAction":false,"settings":{"command":"wt"}}}
2025-08-11T15:35:57.595Z TRACE Connection: {"action":"com.lenerystia.zed.terminal","context":"d974604b983547806db0eedc571063b7","device":"2d59f1ec475baf9464d0f94d63e71a9d","event":"titleParametersDidChange","payload":{"controller":"Keypad","coordinates":{"column":1,"row":0},"settings":{"command":"wt"},"state":0,"title":"","titleParameters":{"fontFamily":"","fontSize":9,"fontStyle":"","fontUnderline":false,"showTitle":true,"titleAlignment":"middle","titleColor":"#ffffff"}}}
2025-08-11T15:35:57.595Z TRACE Connection: {"action":"com.lenerystia.zed.build","context":"e0322927d66f4b66a19092ea6d5ca5cd","device":"2d59f1ec475baf9464d0f94d63e71a9d","event":"willAppear","payload":{"controller":"Keypad","coordinates":{"column":2,"row":0},"isInMultiAction":false,"settings":{}}}
2025-08-11T15:35:57.595Z TRACE Connection: {"action":"com.lenerystia.zed.build","context":"e0322927d66f4b66a19092ea6d5ca5cd","device":"2d59f1ec475baf9464d0f94d63e71a9d","event":"titleParametersDidChange","payload":{"controller":"Keypad","coordinates":{"column":2,"row":0},"settings":{},"state":0,"title":"","titleParameters":{"fontFamily":"","fontSize":9,"fontStyle":"","fontUnderline":false,"showTitle":true,"titleAlignment":"middle","titleColor":"#ffffff"}}}
2025-08-11T15:35:57.596Z TRACE Connection: {"event":"setTitle","context":"efbf1ba103279c31b261dbbfd8763f29","payload":{"title":"12"}}
2025-08-11T15:36:02.972Z TRACE Connection: {"action":"com.lenerystia.zed.newwindow","context":"77681a3f9c6188349c7a30cfa4291376","device":"2d59f1ec475baf9464d0f94d63e71a9d","event":"willAppear","payload":{"controller":"Keypad","coordinates":{"column":3,"row":0},"isInMultiAction":false,"settings":{}}}
2025-08-11T15:36:02.973Z TRACE Connection: {"action":"com.lenerystia.zed.newwindow","context":"77681a3f9c6188349c7a30cfa4291376","device":"2d59f1ec475baf9464d0f94d63e71a9d","event":"titleParametersDidChange","payload":{"controller":"Keypad","coordinates":{"column":3,"row":0},"settings":{},"state":0,"title":"","titleParameters":{"fontFamily":"","fontSize":9,"fontStyle":"","fontUnderline":false,"showTitle":true,"titleAlignment":"middle","titleColor":"#ffffff"}}}
2025-08-11T15:36:04.404Z TRACE Connection: {"action":"com.lenerystia.zed.newwindow","context":"77681a3f9c6188349c7a30cfa4291376","device":"2d59f1ec475baf9464d0f94d63e71a9d","event":"keyDown","payload":{"coordinates":{"column":3,"row":0},"isInMultiAction":false,"settings":{}}}
2025-08-11T15:36:04.521Z TRACE Connection: {"action":"com.lenerystia.zed.newwindow","context":"77681a3f9c6188349c7a30cfa4291376","device":"2d59f1ec475baf9464d0f94d63e71a9d","event":"keyUp","payload":{"coordinates":{"column":3,"row":0},"isInMultiAction":false,"settings":{}}}
2025-08-11T15:36:05.972Z TRACE Connection: {"action":"com.lenerystia.zed.newwindow","context":"77681a3f9c6188349c7a30cfa4291376","device":"2d59f1ec475baf9464d0f94d63e71a9d","event":"keyDown","payload":{"coordinates":{"column":3,"row":0},"isInMultiAction":false,"settings":{}}}
2025-08-11T15:36:06.085Z TRACE Connection: {"action":"com.lenerystia.zed.newwindow","context":"77681a3f9c6188349c7a30cfa4291376","device":"2d59f1ec475baf9464d0f94d63e71a9d","event":"keyUp","payload":{"coordinates":{"column":3,"row":0},"isInMultiAction":false,"settings":{}}}
2025-08-11T15:36:06.780Z TRACE Connection: {"action":"com.lenerystia.zed.newwindow","context":"77681a3f9c6188349c7a30cfa4291376","device":"2d59f1ec475baf9464d0f94d63e71a9d","event":"keyDown","payload":{"coordinates":{"column":3,"row":0},"isInMultiAction":false,"settings":{}}}
2025-08-11T15:36:06.833Z TRACE Connection: {"action":"com.lenerystia.zed.newwindow","context":"77681a3f9c6188349c7a30cfa4291376","device":"2d59f1ec475baf9464d0f94d63e71a9d","event":"keyUp","payload":{"coordinates":{"column":3,"row":0},"isInMultiAction":false,"settings":{}}}
2025-08-11T15:36:07.005Z TRACE Connection: {"action":"com.lenerystia.zed.newwindow","context":"77681a3f9c6188349c7a30cfa4291376","device":"2d59f1ec475baf9464d0f94d63e71a9d","event":"keyDown","payload":{"coordinates":{"column":3,"row":0},"isInMultiAction":false,"settings":{}}}
2025-08-11T15:36:07.117Z TRACE Connection: {"action":"com.lenerystia.zed.newwindow","context":"77681a3f9c6188349c7a30cfa4291376","device":"2d59f1ec475baf9464d0f94d63e71a9d","event":"keyUp","payload":{"coordinates":{"column":3,"row":0},"isInMultiAction":false,"settings":{}}}
2025-08-11T15:36:07.286Z TRACE Connection: {"action":"com.lenerystia.zed.newwindow","context":"77681a3f9c6188349c7a30cfa4291376","device":"2d59f1ec475baf9464d0f94d63e71a9d","event":"keyDown","payload":{"coordinates":{"column":3,"row":0},"isInMultiAction":false,"settings":{}}}
2025-08-11T15:36:07.344Z TRACE Connection: {"action":"com.lenerystia.zed.newwindow","context":"77681a3f9c6188349c7a30cfa4291376","device":"2d59f1ec475baf9464d0f94d63e71a9d","event":"keyUp","payload":{"coordinates":{"column":3,"row":0},"isInMultiAction":false,"settings":{}}}
2025-08-11T15:36:07.590Z TRACE Connection: {"action":"com.lenerystia.zed.newwindow","context":"77681a3f9c6188349c7a30cfa4291376","device":"2d59f1ec475baf9464d0f94d63e71a9d","event":"keyDown","payload":{"coordinates":{"column":3,"row":0},"isInMultiAction":false,"settings":{}}}
2025-08-11T15:36:07.653Z TRACE Connection: {"action":"com.lenerystia.zed.newwindow","context":"77681a3f9c6188349c7a30cfa4291376","device":"2d59f1ec475baf9464d0f94d63e71a9d","event":"keyUp","payload":{"coordinates":{"column":3,"row":0},"isInMultiAction":false,"settings":{}}}
2025-08-11T15:36:07.821Z TRACE Connection: {"action":"com.lenerystia.zed.newwindow","context":"77681a3f9c6188349c7a30cfa4291376","device":"2d59f1ec475baf9464d0f94d63e71a9d","event":"keyDown","payload":{"coordinates":{"column":3,"row":0},"isInMultiAction":false,"settings":{}}}
2025-08-11T15:36:07.881Z TRACE Connection: {"action":"com.lenerystia.zed.newwindow","context":"77681a3f9c6188349c7a30cfa4291376","device":"2d59f1ec475baf9464d0f94d63e71a9d","event":"keyUp","payload":{"coordinates":{"column":3,"row":0},"isInMultiAction":false,"settings":{}}}
2025-08-11T15:36:08.046Z TRACE Connection: {"action":"com.lenerystia.zed.newwindow","context":"77681a3f9c6188349c7a30cfa4291376","device":"2d59f1ec475baf9464d0f94d63e71a9d","event":"keyDown","payload":{"coordinates":{"column":3,"row":0},"isInMultiAction":false,"settings":{}}}
2025-08-11T15:36:08.101Z TRACE Connection: {"action":"com.lenerystia.zed.newwindow","context":"77681a3f9c6188349c7a30cfa4291376","device":"2d59f1ec475baf9464d0f94d63e71a9d","event":"keyUp","payload":{"coordinates":{"column":3,"row":0},"isInMultiAction":false,"settings":{}}}
2025-08-11T15:36:08.268Z TRACE Connection: {"action":"com.lenerystia.zed.newwindow","context":"77681a3f9c6188349c7a30cfa4291376","device":"2d59f1ec475baf9464d0f94d63e71a9d","event":"keyDown","payload":{"coordinates":{"column":3,"row":0},"isInMultiAction":false,"settings":{}}}
2025-08-11T15:36:08.331Z TRACE Connection: {"action":"com.lenerystia.zed.newwindow","context":"77681a3f9c6188349c7a30cfa4291376","device":"2d59f1ec475baf9464d0f94d63e71a9d","event":"keyUp","payload":{"coordinates":{"column":3,"row":0},"isInMultiAction":false,"settings":{}}}
2025-08-11T15:36:08.445Z TRACE Connection: {"action":"com.lenerystia.zed.newwindow","context":"77681a3f9c6188349c7a30cfa4291376","device":"2d59f1ec475baf9464d0f94d63e71a9d","event":"keyDown","payload":{"coordinates":{"column":3,"row":0},"isInMultiAction":false,"settings":{}}}
2025-08-11T15:36:08.501Z TRACE Connection: {"action":"com.lenerystia.zed.newwindow","context":"77681a3f9c6188349c7a30cfa4291376","device":"2d59f1ec475baf9464d0f94d63e71a9d","event":"keyUp","payload":{"coordinates":{"column":3,"row":0},"isInMultiAction":false,"settings":{}}}
2025-08-11T15:36:08.611Z TRACE Connection: {"action":"com.lenerystia.zed.newwindow","context":"77681a3f9c6188349c7a30cfa4291376","device":"2d59f1ec475baf9464d0f94d63e71a9d","event":"keyDown","payload":{"coordinates":{"column":3,"row":0},"isInMultiAction":false,"settings":{}}}
2025-08-11T15:36:08.671Z TRACE Connection: {"action":"com.lenerystia.zed.newwindow","context":"77681a3f9c6188349c7a30cfa4291376","device":"2d59f1ec475baf9464d0f94d63e71a9d","event":"keyUp","payload":{"coordinates":{"column":3,"row":0},"isInMultiAction":false,"settings":{}}}
2025-08-11T15:36:08.786Z TRACE Connection: {"action":"com.lenerystia.zed.newwindow","context":"77681a3f9c6188349c7a30cfa4291376","device":"2d59f1ec475baf9464d0f94d63e71a9d","event":"keyDown","payload":{"coordinates":{"column":3,"row":0},"isInMultiAction":false,"settings":{}}}
2025-08-11T15:36:08.845Z TRACE Connection: {"action":"com.lenerystia.zed.newwindow","context":"77681a3f9c6188349c7a30cfa4291376","device":"2d59f1ec475baf9464d0f94d63e71a9d","event":"keyUp","payload":{"coordinates":{"column":3,"row":0},"isInMultiAction":false,"settings":{}}}
2025-08-11T15:36:08.967Z TRACE Connection: {"action":"com.lenerystia.zed.newwindow","context":"77681a3f9c6188349c7a30cfa4291376","device":"2d59f1ec475baf9464d0f94d63e71a9d","event":"keyDown","payload":{"coordinates":{"column":3,"row":0},"isInMultiAction":false,"settings":{}}}
2025-08-11T15:36:09.028Z TRACE Connection: {"action":"com.lenerystia.zed.newwindow","context":"77681a3f9c6188349c7a30cfa4291376","device":"2d59f1ec475baf9464d0f94d63e71a9d","event":"keyUp","payload":{"coordinates":{"column":3,"row":0},"isInMultiAction":false,"settings":{}}}
2025-08-11T15:36:09.141Z TRACE Connection: {"action":"com.lenerystia.zed.newwindow","context":"77681a3f9c6188349c7a30cfa4291376","device":"2d59f1ec475baf9464d0f94d63e71a9d","event":"keyDown","payload":{"coordinates":{"column":3,"row":0},"isInMultiAction":false,"settings":{}}}
2025-08-11T15:36:09.193Z TRACE Connection: {"action":"com.lenerystia.zed.newwindow","context":"77681a3f9c6188349c7a30cfa4291376","device":"2d59f1ec475baf9464d0f94d63e71a9d","event":"keyUp","payload":{"coordinates":{"column":3,"row":0},"isInMultiAction":false,"settings":{}}}
2025-08-11T15:36:09.311Z TRACE Connection: {"action":"com.lenerystia.zed.newwindow","context":"77681a3f9c6188349c7a30cfa4291376","device":"2d59f1ec475baf9464d0f94d63e71a9d","event":"keyDown","payload":{"coordinates":{"column":3,"row":0},"isInMultiAction":false,"settings":{}}}
2025-08-11T15:36:09.368Z TRACE Connection: {"action":"com.lenerystia.zed.newwindow","context":"77681a3f9c6188349c7a30cfa4291376","device":"2d59f1ec475baf9464d0f94d63e71a9d","event":"keyUp","payload":{"coordinates":{"column":3,"row":0},"isInMultiAction":false,"settings":{}}}
2025-08-11T15:36:09.480Z TRACE Connection: {"action":"com.lenerystia.zed.newwindow","context":"77681a3f9c6188349c7a30cfa4291376","device":"2d59f1ec475baf9464d0f94d63e71a9d","event":"keyDown","payload":{"coordinates":{"column":3,"row":0},"isInMultiAction":false,"settings":{}}}
2025-08-11T15:36:09.538Z TRACE Connection: {"action":"com.lenerystia.zed.newwindow","context":"77681a3f9c6188349c7a30cfa4291376","device":"2d59f1ec475baf9464d0f94d63e71a9d","event":"keyUp","payload":{"coordinates":{"column":3,"row":0},"isInMultiAction":false,"settings":{}}}
2025-08-11T15:36:09.712Z TRACE Connection: {"action":"com.lenerystia.zed.newwindow","context":"77681a3f9c6188349c7a30cfa4291376","device":"2d59f1ec475baf9464d0f94d63e71a9d","event":"keyDown","payload":{"coordinates":{"column":3,"row":0},"isInMultiAction":false,"settings":{}}}
2025-08-11T15:36:09.771Z TRACE Connection: {"action":"com.lenerystia.zed.newwindow","context":"77681a3f9c6188349c7a30cfa4291376","device":"2d59f1ec475baf9464d0f94d63e71a9d","event":"keyUp","payload":{"coordinates":{"column":3,"row":0},"isInMultiAction":false,"settings":{}}}
2025-08-11T15:36:17.683Z TRACE Connection: {"action":"com.lenerystia.zed.build","context":"e0322927d66f4b66a19092ea6d5ca5cd","device":"2d59f1ec475baf9464d0f94d63e71a9d","event":"willDisappear","payload":{"controller":"Keypad","coordinates":{"column":2,"row":0},"isInMultiAction":false,"settings":{}}}
2025-08-11T15:36:17.683Z TRACE Connection: {"action":"com.lenerystia.zed.build","context":"e0322927d66f4b66a19092ea6d5ca5cd","device":"2d59f1ec475baf9464d0f94d63e71a9d","event":"willAppear","payload":{"controller":"Keypad","coordinates":{"column":2,"row":0},"isInMultiAction":false,"settings":{}}}
2025-08-11T15:36:17.684Z TRACE Connection: {"action":"com.lenerystia.zed.build","context":"e0322927d66f4b66a19092ea6d5ca5cd","device":"2d59f1ec475baf9464d0f94d63e71a9d","event":"titleParametersDidChange","payload":{"controller":"Keypad","coordinates":{"column":2,"row":0},"settings":{},"state":0,"title":"","titleParameters":{"fontFamily":"","fontSize":9,"fontStyle":"","fontUnderline":false,"showTitle":true,"titleAlignment":"middle","titleColor":"#ffffff"}}}
2025-08-11T15:36:19.788Z TRACE Connection: {"action":"com.lenerystia.zed.terminal","context":"d974604b983547806db0eedc571063b7","device":"2d59f1ec475baf9464d0f94d63e71a9d","event":"willDisappear","payload":{"controller":"Keypad","coordinates":{"column":1,"row":0},"isInMultiAction":false,"settings":{"command":"wt"}}}
2025-08-11T15:36:19.789Z TRACE Connection: {"action":"com.lenerystia.zed.terminal","context":"d974604b983547806db0eedc571063b7","device":"2d59f1ec475baf9464d0f94d63e71a9d","event":"willAppear","payload":{"controller":"Keypad","coordinates":{"column":1,"row":0},"isInMultiAction":false,"settings":{}}}
2025-08-11T15:36:19.789Z TRACE Connection: {"action":"com.lenerystia.zed.terminal","context":"d974604b983547806db0eedc571063b7","device":"2d59f1ec475baf9464d0f94d63e71a9d","event":"titleParametersDidChange","payload":{"controller":"Keypad","coordinates":{"column":1,"row":0},"settings":{},"state":0,"title":"","titleParameters":{"fontFamily":"","fontSize":9,"fontStyle":"","fontUnderline":false,"showTitle":true,"titleAlignment":"middle","titleColor":"#ffffff"}}}
2025-08-11T15:36:20.905Z TRACE Connection: {"action":"com.lenerystia.zed.terminal","context":"d974604b983547806db0eedc571063b7","device":"2d59f1ec475baf9464d0f94d63e71a9d","event":"keyDown","payload":{"coordinates":{"column":1,"row":0},"isInMultiAction":false,"settings":{}}}
2025-08-11T15:36:21.057Z TRACE Connection: {"action":"com.lenerystia.zed.terminal","context":"d974604b983547806db0eedc571063b7","device":"2d59f1ec475baf9464d0f94d63e71a9d","event":"keyUp","payload":{"coordinates":{"column":1,"row":0},"isInMultiAction":false,"settings":{}}}
2025-08-11T15:36:21.221Z TRACE Connection: {"action":"com.lenerystia.zed.terminal","context":"d974604b983547806db0eedc571063b7","device":"2d59f1ec475baf9464d0f94d63e71a9d","event":"keyDown","payload":{"coordinates":{"column":1,"row":0},"isInMultiAction":false,"settings":{}}}
2025-08-11T15:36:21.341Z TRACE Connection: {"action":"com.lenerystia.zed.terminal","context":"d974604b983547806db0eedc571063b7","device":"2d59f1ec475baf9464d0f94d63e71a9d","event":"keyUp","payload":{"coordinates":{"column":1,"row":0},"isInMultiAction":false,"settings":{}}}
2025-08-11T15:36:21.747Z TRACE Connection: {"action":"com.lenerystia.zed.build","context":"e0322927d66f4b66a19092ea6d5ca5cd","device":"2d59f1ec475baf9464d0f94d63e71a9d","event":"keyDown","payload":{"coordinates":{"column":2,"row":0},"isInMultiAction":false,"settings":{}}}
2025-08-11T15:36:21.910Z TRACE Connection: {"action":"com.lenerystia.zed.build","context":"e0322927d66f4b66a19092ea6d5ca5cd","device":"2d59f1ec475baf9464d0f94d63e71a9d","event":"keyUp","payload":{"coordinates":{"column":2,"row":0},"isInMultiAction":false,"settings":{}}}
2025-08-11T15:36:22.264Z TRACE Connection: {"action":"com.lenerystia.zed.newwindow","context":"77681a3f9c6188349c7a30cfa4291376","device":"2d59f1ec475baf9464d0f94d63e71a9d","event":"keyDown","payload":{"coordinates":{"column":3,"row":0},"isInMultiAction":false,"settings":{}}}
2025-08-11T15:36:22.379Z TRACE Connection: {"action":"com.lenerystia.zed.newwindow","context":"77681a3f9c6188349c7a30cfa4291376","device":"2d59f1ec475baf9464d0f94d63e71a9d","event":"keyUp","payload":{"coordinates":{"column":3,"row":0},"isInMultiAction":false,"settings":{}}}
2025-08-11T15:36:22.551Z TRACE Connection: {"action":"com.lenerystia.zed.newwindow","context":"77681a3f9c6188349c7a30cfa4291376","device":"2d59f1ec475baf9464d0f94d63e71a9d","event":"keyDown","payload":{"coordinates":{"column":3,"row":0},"isInMultiAction":false,"settings":{}}}
2025-08-11T15:36:22.660Z TRACE Connection: {"action":"com.lenerystia.zed.newwindow","context":"77681a3f9c6188349c7a30cfa4291376","device":"2d59f1ec475baf9464d0f94d63e71a9d","event":"keyUp","payload":{"coordinates":{"column":3,"row":0},"isInMultiAction":false,"settings":{}}}
2025-08-11T15:36:22.826Z TRACE Connection: {"action":"com.lenerystia.zed.newwindow","context":"77681a3f9c6188349c7a30cfa4291376","device":"2d59f1ec475baf9464d0f94d63e71a9d","event":"keyDown","payload":{"coordinates":{"column":3,"row":0},"isInMultiAction":false,"settings":{}}}
2025-08-11T15:36:22.887Z TRACE Connection: {"action":"com.lenerystia.zed.newwindow","context":"77681a3f9c6188349c7a30cfa4291376","device":"2d59f1ec475baf9464d0f94d63e71a9d","event":"keyUp","payload":{"coordinates":{"column":3,"row":0},"isInMultiAction":false,"settings":{}}}
2025-08-11T15:36:23.050Z TRACE Connection: {"action":"com.lenerystia.zed.newwindow","context":"77681a3f9c6188349c7a30cfa4291376","device":"2d59f1ec475baf9464d0f94d63e71a9d","event":"keyDown","payload":{"coordinates":{"column":3,"row":0},"isInMultiAction":false,"settings":{}}}
2025-08-11T15:36:23.110Z TRACE Connection: {"action":"com.lenerystia.zed.newwindow","context":"77681a3f9c6188349c7a30cfa4291376","device":"2d59f1ec475baf9464d0f94d63e71a9d","event":"keyUp","payload":{"coordinates":{"column":3,"row":0},"isInMultiAction":false,"settings":{}}}
2025-08-11T15:36:23.278Z TRACE Connection: {"action":"com.lenerystia.zed.newwindow","context":"77681a3f9c6188349c7a30cfa4291376","device":"2d59f1ec475baf9464d0f94d63e71a9d","event":"keyDown","payload":{"coordinates":{"column":3,"row":0},"isInMultiAction":false,"settings":{}}}
2025-08-11T15:36:23.339Z TRACE Connection: {"action":"com.lenerystia.zed.newwindow","context":"77681a3f9c6188349c7a30cfa4291376","device":"2d59f1ec475baf9464d0f94d63e71a9d","event":"keyUp","payload":{"coordinates":{"column":3,"row":0},"isInMultiAction":false,"settings":{}}}
2025-08-11T15:36:23.513Z TRACE Connection: {"action":"com.lenerystia.zed.newwindow","context":"77681a3f9c6188349c7a30cfa4291376","device":"2d59f1ec475baf9464d0f94d63e71a9d","event":"keyDown","payload":{"coordinates":{"column":3,"row":0},"isInMultiAction":false,"settings":{}}}
2025-08-11T15:36:23.572Z TRACE Connection: {"action":"com.lenerystia.zed.newwindow","context":"77681a3f9c6188349c7a30cfa4291376","device":"2d59f1ec475baf9464d0f94d63e71a9d","event":"keyUp","payload":{"coordinates":{"column":3,"row":0},"isInMultiAction":false,"settings":{}}}
2025-08-11T15:36:23.744Z TRACE Connection: {"action":"com.lenerystia.zed.newwindow","context":"77681a3f9c6188349c7a30cfa4291376","device":"2d59f1ec475baf9464d0f94d63e71a9d","event":"keyDown","payload":{"coordinates":{"column":3,"row":0},"isInMultiAction":false,"settings":{}}}
2025-08-11T15:36:23.800Z TRACE Connection: {"action":"com.lenerystia.zed.newwindow","context":"77681a3f9c6188349c7a30cfa4291376","device":"2d59f1ec475baf9464d0f94d63e71a9d","event":"keyUp","payload":{"coordinates":{"column":3,"row":0},"isInMultiAction":false,"settings":{}}}
2025-08-11T15:36:23.980Z TRACE Connection: {"action":"com.lenerystia.zed.newwindow","context":"77681a3f9c6188349c7a30cfa4291376","device":"2d59f1ec475baf9464d0f94d63e71a9d","event":"keyDown","payload":{"coordinates":{"column":3,"row":0},"isInMultiAction":false,"settings":{}}}
2025-08-11T15:36:24.036Z TRACE Connection: {"action":"com.lenerystia.zed.newwindow","context":"77681a3f9c6188349c7a30cfa4291376","device":"2d59f1ec475baf9464d0f94d63e71a9d","event":"keyUp","payload":{"coordinates":{"column":3,"row":0},"isInMultiAction":false,"settings":{}}}
2025-08-11T15:36:24.150Z TRACE Connection: {"action":"com.lenerystia.zed.newwindow","context":"77681a3f9c6188349c7a30cfa4291376","device":"2d59f1ec475baf9464d0f94d63e71a9d","event":"keyDown","payload":{"coordinates":{"column":3,"row":0},"isInMultiAction":false,"settings":{}}}
2025-08-11T15:36:24.205Z TRACE Connection: {"action":"com.lenerystia.zed.newwindow","context":"77681a3f9c6188349c7a30cfa4291376","device":"2d59f1ec475baf9464d0f94d63e71a9d","event":"keyUp","payload":{"coordinates":{"column":3,"row":0},"isInMultiAction":false,"settings":{}}}
2025-08-11T15:36:24.370Z TRACE Connection: {"action":"com.lenerystia.zed.newwindow","context":"77681a3f9c6188349c7a30cfa4291376","device":"2d59f1ec475baf9464d0f94d63e71a9d","event":"keyDown","payload":{"coordinates":{"column":3,"row":0},"isInMultiAction":false,"settings":{}}}
2025-08-11T15:36:24.429Z TRACE Connection: {"action":"com.lenerystia.zed.newwindow","context":"77681a3f9c6188349c7a30cfa4291376","device":"2d59f1ec475baf9464d0f94d63e71a9d","event":"keyUp","payload":{"coordinates":{"column":3,"row":0},"isInMultiAction":false,"settings":{}}}
2025-08-11T15:36:24.548Z TRACE Connection: {"action":"com.lenerystia.zed.newwindow","context":"77681a3f9c6188349c7a30cfa4291376","device":"2d59f1ec475baf9464d0f94d63e71a9d","event":"keyDown","payload":{"coordinates":{"column":3,"row":0},"isInMultiAction":false,"settings":{}}}
2025-08-11T15:36:24.602Z TRACE Connection: {"action":"com.lenerystia.zed.newwindow","context":"77681a3f9c6188349c7a30cfa4291376","device":"2d59f1ec475baf9464d0f94d63e71a9d","event":"keyUp","payload":{"coordinates":{"column":3,"row":0},"isInMultiAction":false,"settings":{}}}
2025-08-11T15:36:24.776Z TRACE Connection: {"action":"com.lenerystia.zed.newwindow","context":"77681a3f9c6188349c7a30cfa4291376","device":"2d59f1ec475baf9464d0f94d63e71a9d","event":"keyDown","payload":{"coordinates":{"column":3,"row":0},"isInMultiAction":false,"settings":{}}}
2025-08-11T15:36:24.836Z TRACE Connection: {"action":"com.lenerystia.zed.newwindow","context":"77681a3f9c6188349c7a30cfa4291376","device":"2d59f1ec475baf9464d0f94d63e71a9d","event":"keyUp","payload":{"coordinates":{"column":3,"row":0},"isInMultiAction":false,"settings":{}}}
2025-08-11T15:36:24.953Z TRACE Connection: {"action":"com.lenerystia.zed.newwindow","context":"77681a3f9c6188349c7a30cfa4291376","device":"2d59f1ec475baf9464d0f94d63e71a9d","event":"keyDown","payload":{"coordinates":{"column":3,"row":0},"isInMultiAction":false,"settings":{}}}
2025-08-11T15:36:25.011Z TRACE Connection: {"action":"com.lenerystia.zed.newwindow","context":"77681a3f9c6188349c7a30cfa4291376","device":"2d59f1ec475baf9464d0f94d63e71a9d","event":"keyUp","payload":{"coordinates":{"column":3,"row":0},"isInMultiAction":false,"settings":{}}}
2025-08-11T15:36:25.124Z TRACE Connection: {"action":"com.lenerystia.zed.newwindow","context":"77681a3f9c6188349c7a30cfa4291376","device":"2d59f1ec475baf9464d0f94d63e71a9d","event":"keyDown","payload":{"coordinates":{"column":3,"row":0},"isInMultiAction":false,"settings":{}}}
2025-08-11T15:36:25.178Z TRACE Connection: {"action":"com.lenerystia.zed.newwindow","context":"77681a3f9c6188349c7a30cfa4291376","device":"2d59f1ec475baf9464d0f94d63e71a9d","event":"keyUp","payload":{"coordinates":{"column":3,"row":0},"isInMultiAction":false,"settings":{}}}
2025-08-11T15:36:25.290Z TRACE Connection: {"action":"com.lenerystia.zed.newwindow","context":"77681a3f9c6188349c7a30cfa4291376","device":"2d59f1ec475baf9464d0f94d63e71a9d","event":"keyDown","payload":{"coordinates":{"column":3,"row":0},"isInMultiAction":false,"settings":{}}}
2025-08-11T15:36:25.350Z TRACE Connection: {"action":"com.lenerystia.zed.newwindow","context":"77681a3f9c6188349c7a30cfa4291376","device":"2d59f1ec475baf9464d0f94d63e71a9d","event":"keyUp","payload":{"coordinates":{"column":3,"row":0},"isInMultiAction":false,"settings":{}}}
2025-08-11T15:36:25.459Z TRACE Connection: {"action":"com.lenerystia.zed.newwindow","context":"77681a3f9c6188349c7a30cfa4291376","device":"2d59f1ec475baf9464d0f94d63e71a9d","event":"keyDown","payload":{"coordinates":{"column":3,"row":0},"isInMultiAction":false,"settings":{}}}
2025-08-11T15:36:25.526Z TRACE Connection: {"action":"com.lenerystia.zed.newwindow","context":"77681a3f9c6188349c7a30cfa4291376","device":"2d59f1ec475baf9464d0f94d63e71a9d","event":"keyUp","payload":{"coordinates":{"column":3,"row":0},"isInMultiAction":false,"settings":{}}}
2025-08-11T15:36:25.695Z TRACE Connection: {"action":"com.lenerystia.zed.newwindow","context":"77681a3f9c6188349c7a30cfa4291376","device":"2d59f1ec475baf9464d0f94d63e71a9d","event":"keyDown","payload":{"coordinates":{"column":3,"row":0},"isInMultiAction":false,"settings":{}}}
2025-08-11T15:36:25.753Z TRACE Connection: {"action":"com.lenerystia.zed.newwindow","context":"77681a3f9c6188349c7a30cfa4291376","device":"2d59f1ec475baf9464d0f94d63e71a9d","event":"keyUp","payload":{"coordinates":{"column":3,"row":0},"isInMultiAction":false,"settings":{}}}
2025-08-11T16:07:07.191Z TRACE Connection: {"action":"com.lenerystia.zed.increment","context":"efbf1ba103279c31b261dbbfd8763f29","device":"2d59f1ec475baf9464d0f94d63e71a9d","event":"keyDown","payload":{"coordinates":{"column":0,"row":0},"isInMultiAction":false,"settings":{"count":12,"incrementBy":1}}}
2025-08-11T16:07:07.192Z TRACE Connection: {"event":"setSettings","context":"efbf1ba103279c31b261dbbfd8763f29","payload":{"count":13,"incrementBy":1}}
2025-08-11T16:07:07.192Z TRACE Connection: {"event":"setTitle","context":"efbf1ba103279c31b261dbbfd8763f29","payload":{"title":"13"}}
2025-08-11T16:07:07.251Z TRACE Connection: {"action":"com.lenerystia.zed.increment","context":"efbf1ba103279c31b261dbbfd8763f29","device":"2d59f1ec475baf9464d0f94d63e71a9d","event":"keyUp","payload":{"coordinates":{"column":0,"row":0},"isInMultiAction":false,"settings":{"count":13,"incrementBy":1}}}
2025-08-11T16:07:07.565Z TRACE Connection: {"action":"com.lenerystia.zed.increment","context":"efbf1ba103279c31b261dbbfd8763f29","device":"2d59f1ec475baf9464d0f94d63e71a9d","event":"keyDown","payload":{"coordinates":{"column":0,"row":0},"isInMultiAction":false,"settings":{"count":13,"incrementBy":1}}}
2025-08-11T16:07:07.565Z TRACE Connection: {"event":"setSettings","context":"efbf1ba103279c31b261dbbfd8763f29","payload":{"count":14,"incrementBy":1}}
2025-08-11T16:07:07.565Z TRACE Connection: {"event":"setTitle","context":"efbf1ba103279c31b261dbbfd8763f29","payload":{"title":"14"}}
2025-08-11T16:07:07.628Z TRACE Connection: {"action":"com.lenerystia.zed.increment","context":"efbf1ba103279c31b261dbbfd8763f29","device":"2d59f1ec475baf9464d0f94d63e71a9d","event":"keyUp","payload":{"coordinates":{"column":0,"row":0},"isInMultiAction":false,"settings":{"count":14,"incrementBy":1}}}
2025-08-11T16:07:07.691Z TRACE Connection: {"action":"com.lenerystia.zed.increment","context":"efbf1ba103279c31b261dbbfd8763f29","device":"2d59f1ec475baf9464d0f94d63e71a9d","event":"keyDown","payload":{"coordinates":{"column":0,"row":0},"isInMultiAction":false,"settings":{"count":14,"incrementBy":1}}}
2025-08-11T16:07:07.691Z TRACE Connection: {"event":"setSettings","context":"efbf1ba103279c31b261dbbfd8763f29","payload":{"count":15,"incrementBy":1}}
2025-08-11T16:07:07.691Z TRACE Connection: {"event":"setTitle","context":"efbf1ba103279c31b261dbbfd8763f29","payload":{"title":"15"}}
2025-08-11T16:07:07.752Z TRACE Connection: {"action":"com.lenerystia.zed.increment","context":"efbf1ba103279c31b261dbbfd8763f29","device":"2d59f1ec475baf9464d0f94d63e71a9d","event":"keyUp","payload":{"coordinates":{"column":0,"row":0},"isInMultiAction":false,"settings":{"count":15,"incrementBy":1}}}
2025-08-11T16:07:07.877Z TRACE Connection: {"action":"com.lenerystia.zed.increment","context":"efbf1ba103279c31b261dbbfd8763f29","device":"2d59f1ec475baf9464d0f94d63e71a9d","event":"keyDown","payload":{"coordinates":{"column":0,"row":0},"isInMultiAction":false,"settings":{"count":15,"incrementBy":1}}}
2025-08-11T16:07:07.878Z TRACE Connection: {"event":"setSettings","context":"efbf1ba103279c31b261dbbfd8763f29","payload":{"count":16,"incrementBy":1}}
2025-08-11T16:07:07.878Z TRACE Connection: {"event":"setTitle","context":"efbf1ba103279c31b261dbbfd8763f29","payload":{"title":"16"}}
2025-08-11T16:07:07.937Z TRACE Connection: {"action":"com.lenerystia.zed.increment","context":"efbf1ba103279c31b261dbbfd8763f29","device":"2d59f1ec475baf9464d0f94d63e71a9d","event":"keyUp","payload":{"coordinates":{"column":0,"row":0},"isInMultiAction":false,"settings":{"count":16,"incrementBy":1}}}
2025-08-11T16:07:08.877Z TRACE Connection: {"action":"com.lenerystia.zed.increment","context":"efbf1ba103279c31b261dbbfd8763f29","device":"2d59f1ec475baf9464d0f94d63e71a9d","event":"keyDown","payload":{"coordinates":{"column":0,"row":0},"isInMultiAction":false,"settings":{"count":16,"incrementBy":1}}}
2025-08-11T16:07:08.878Z TRACE Connection: {"event":"setSettings","context":"efbf1ba103279c31b261dbbfd8763f29","payload":{"count":17,"incrementBy":1}}
2025-08-11T16:07:08.878Z TRACE Connection: {"event":"setTitle","context":"efbf1ba103279c31b261dbbfd8763f29","payload":{"title":"17"}}
2025-08-11T16:07:08.939Z TRACE Connection: {"action":"com.lenerystia.zed.increment","context":"efbf1ba103279c31b261dbbfd8763f29","device":"2d59f1ec475baf9464d0f94d63e71a9d","event":"keyUp","payload":{"coordinates":{"column":0,"row":0},"isInMultiAction":false,"settings":{"count":17,"incrementBy":1}}}
2025-08-11T16:07:09.190Z TRACE Connection: {"action":"com.lenerystia.zed.increment","context":"efbf1ba103279c31b261dbbfd8763f29","device":"2d59f1ec475baf9464d0f94d63e71a9d","event":"keyDown","payload":{"coordinates":{"column":0,"row":0},"isInMultiAction":false,"settings":{"count":17,"incrementBy":1}}}
2025-08-11T16:07:09.190Z TRACE Connection: {"event":"setSettings","context":"efbf1ba103279c31b261dbbfd8763f29","payload":{"count":18,"incrementBy":1}}
2025-08-11T16:07:09.190Z TRACE Connection: {"event":"setTitle","context":"efbf1ba103279c31b261dbbfd8763f29","payload":{"title":"18"}}
2025-08-11T16:07:09.315Z TRACE Connection: {"action":"com.lenerystia.zed.increment","context":"efbf1ba103279c31b261dbbfd8763f29","device":"2d59f1ec475baf9464d0f94d63e71a9d","event":"keyUp","payload":{"coordinates":{"column":0,"row":0},"isInMultiAction":false,"settings":{"count":18,"incrementBy":1}}}
2025-08-11T16:07:09.443Z TRACE Connection: {"action":"com.lenerystia.zed.increment","context":"efbf1ba103279c31b261dbbfd8763f29","device":"2d59f1ec475baf9464d0f94d63e71a9d","event":"keyDown","payload":{"coordinates":{"column":0,"row":0},"isInMultiAction":false,"settings":{"count":18,"incrementBy":1}}}
2025-08-11T16:07:09.443Z TRACE Connection: {"event":"setSettings","context":"efbf1ba103279c31b261dbbfd8763f29","payload":{"count":19,"incrementBy":1}}
2025-08-11T16:07:09.444Z TRACE Connection: {"event":"setTitle","context":"efbf1ba103279c31b261dbbfd8763f29","payload":{"title":"19"}}
2025-08-11T16:07:09.565Z TRACE Connection: {"action":"com.lenerystia.zed.increment","context":"efbf1ba103279c31b261dbbfd8763f29","device":"2d59f1ec475baf9464d0f94d63e71a9d","event":"keyUp","payload":{"coordinates":{"column":0,"row":0},"isInMultiAction":false,"settings":{"count":19,"incrementBy":1}}}
2025-08-11T16:07:09.691Z TRACE Connection: {"action":"com.lenerystia.zed.increment","context":"efbf1ba103279c31b261dbbfd8763f29","device":"2d59f1ec475baf9464d0f94d63e71a9d","event":"keyDown","payload":{"coordinates":{"column":0,"row":0},"isInMultiAction":false,"settings":{"count":19,"incrementBy":1}}}
2025-08-11T16:07:09.692Z TRACE Connection: {"event":"setSettings","context":"efbf1ba103279c31b261dbbfd8763f29","payload":{"count":20,"incrementBy":1}}
2025-08-11T16:07:09.692Z TRACE Connection: {"event":"setTitle","context":"efbf1ba103279c31b261dbbfd8763f29","payload":{"title":"20"}}
2025-08-11T16:07:09.818Z TRACE Connection: {"action":"com.lenerystia.zed.increment","context":"efbf1ba103279c31b261dbbfd8763f29","device":"2d59f1ec475baf9464d0f94d63e71a9d","event":"keyUp","payload":{"coordinates":{"column":0,"row":0},"isInMultiAction":false,"settings":{"count":20,"incrementBy":1}}}
2025-08-11T16:07:10.069Z TRACE Connection: {"action":"com.lenerystia.zed.increment","context":"efbf1ba103279c31b261dbbfd8763f29","device":"2d59f1ec475baf9464d0f94d63e71a9d","event":"keyDown","payload":{"coordinates":{"column":0,"row":0},"isInMultiAction":false,"settings":{"count":20,"incrementBy":1}}}
2025-08-11T16:07:10.069Z TRACE Connection: {"event":"setSettings","context":"efbf1ba103279c31b261dbbfd8763f29","payload":{"count":21,"incrementBy":1}}
2025-08-11T16:07:10.070Z TRACE Connection: {"event":"setTitle","context":"efbf1ba103279c31b261dbbfd8763f29","payload":{"title":"21"}}
2025-08-11T16:07:10.130Z TRACE Connection: {"action":"com.lenerystia.zed.increment","context":"efbf1ba103279c31b261dbbfd8763f29","device":"2d59f1ec475baf9464d0f94d63e71a9d","event":"keyUp","payload":{"coordinates":{"column":0,"row":0},"isInMultiAction":false,"settings":{"count":21,"incrementBy":1}}}
2025-08-11T16:07:10.318Z TRACE Connection: {"action":"com.lenerystia.zed.increment","context":"efbf1ba103279c31b261dbbfd8763f29","device":"2d59f1ec475baf9464d0f94d63e71a9d","event":"keyDown","payload":{"coordinates":{"column":0,"row":0},"isInMultiAction":false,"settings":{"count":21,"incrementBy":1}}}
2025-08-11T16:07:10.318Z TRACE Connection: {"event":"setSettings","context":"efbf1ba103279c31b261dbbfd8763f29","payload":{"count":22,"incrementBy":1}}
2025-08-11T16:07:10.319Z TRACE Connection: {"event":"setTitle","context":"efbf1ba103279c31b261dbbfd8763f29","payload":{"title":"22"}}
2025-08-11T16:07:10.381Z TRACE Connection: {"action":"com.lenerystia.zed.increment","context":"efbf1ba103279c31b261dbbfd8763f29","device":"2d59f1ec475baf9464d0f94d63e71a9d","event":"keyUp","payload":{"coordinates":{"column":0,"row":0},"isInMultiAction":false,"settings":{"count":22,"incrementBy":1}}}
2025-08-11T16:07:10.632Z TRACE Connection: {"action":"com.lenerystia.zed.increment","context":"efbf1ba103279c31b261dbbfd8763f29","device":"2d59f1ec475baf9464d0f94d63e71a9d","event":"keyDown","payload":{"coordinates":{"column":0,"row":0},"isInMultiAction":false,"settings":{"count":22,"incrementBy":1}}}
2025-08-11T16:07:10.633Z TRACE Connection: {"event":"setSettings","context":"efbf1ba103279c31b261dbbfd8763f29","payload":{"count":23,"incrementBy":1}}
2025-08-11T16:07:10.633Z TRACE Connection: {"event":"setTitle","context":"efbf1ba103279c31b261dbbfd8763f29","payload":{"title":"23"}}
2025-08-11T16:07:10.694Z TRACE Connection: {"action":"com.lenerystia.zed.increment","context":"efbf1ba103279c31b261dbbfd8763f29","device":"2d59f1ec475baf9464d0f94d63e71a9d","event":"keyUp","payload":{"coordinates":{"column":0,"row":0},"isInMultiAction":false,"settings":{"count":23,"incrementBy":1}}}
2025-08-11T16:07:10.884Z TRACE Connection: {"action":"com.lenerystia.zed.increment","context":"efbf1ba103279c31b261dbbfd8763f29","device":"2d59f1ec475baf9464d0f94d63e71a9d","event":"keyDown","payload":{"coordinates":{"column":0,"row":0},"isInMultiAction":false,"settings":{"count":23,"incrementBy":1}}}
2025-08-11T16:07:10.885Z TRACE Connection: {"event":"setSettings","context":"efbf1ba103279c31b261dbbfd8763f29","payload":{"count":24,"incrementBy":1}}
2025-08-11T16:07:10.885Z TRACE Connection: {"event":"setTitle","context":"efbf1ba103279c31b261dbbfd8763f29","payload":{"title":"24"}}
2025-08-11T16:07:12.007Z TRACE Connection: {"action":"com.lenerystia.zed.increment","context":"efbf1ba103279c31b261dbbfd8763f29","device":"2d59f1ec475baf9464d0f94d63e71a9d","event":"keyUp","payload":{"coordinates":{"column":0,"row":0},"isInMultiAction":false,"settings":{"count":24,"incrementBy":1}}}
2025-08-11T16:07:12.321Z TRACE Connection: {"action":"com.lenerystia.zed.increment","context":"efbf1ba103279c31b261dbbfd8763f29","device":"2d59f1ec475baf9464d0f94d63e71a9d","event":"keyDown","payload":{"coordinates":{"column":0,"row":0},"isInMultiAction":false,"settings":{"count":24,"incrementBy":1}}}
2025-08-11T16:07:12.321Z TRACE Connection: {"event":"setSettings","context":"efbf1ba103279c31b261dbbfd8763f29","payload":{"count":25,"incrementBy":1}}
2025-08-11T16:07:12.321Z TRACE Connection: {"event":"setTitle","context":"efbf1ba103279c31b261dbbfd8763f29","payload":{"title":"25"}}
2025-08-11T16:07:12.444Z TRACE Connection: {"action":"com.lenerystia.zed.increment","context":"efbf1ba103279c31b261dbbfd8763f29","device":"2d59f1ec475baf9464d0f94d63e71a9d","event":"keyUp","payload":{"coordinates":{"column":0,"row":0},"isInMultiAction":false,"settings":{"count":25,"incrementBy":1}}}
2025-08-11T16:07:12.572Z TRACE Connection: {"action":"com.lenerystia.zed.increment","context":"efbf1ba103279c31b261dbbfd8763f29","device":"2d59f1ec475baf9464d0f94d63e71a9d","event":"keyDown","payload":{"coordinates":{"column":0,"row":0},"isInMultiAction":false,"settings":{"count":25,"incrementBy":1}}}
2025-08-11T16:07:12.572Z TRACE Connection: {"event":"setSettings","context":"efbf1ba103279c31b261dbbfd8763f29","payload":{"count":26,"incrementBy":1}}
2025-08-11T16:07:12.572Z TRACE Connection: {"event":"setTitle","context":"efbf1ba103279c31b261dbbfd8763f29","payload":{"title":"26"}}
2025-08-11T16:07:12.631Z TRACE Connection: {"action":"com.lenerystia.zed.increment","context":"efbf1ba103279c31b261dbbfd8763f29","device":"2d59f1ec475baf9464d0f94d63e71a9d","event":"keyUp","payload":{"coordinates":{"column":0,"row":0},"isInMultiAction":false,"settings":{"count":26,"incrementBy":1}}}
2025-08-11T16:07:12.756Z TRACE Connection: {"action":"com.lenerystia.zed.increment","context":"efbf1ba103279c31b261dbbfd8763f29","device":"2d59f1ec475baf9464d0f94d63e71a9d","event":"keyDown","payload":{"coordinates":{"column":0,"row":0},"isInMultiAction":false,"settings":{"count":26,"incrementBy":1}}}
2025-08-11T16:07:12.756Z TRACE Connection: {"event":"setSettings","context":"efbf1ba103279c31b261dbbfd8763f29","payload":{"count":27,"incrementBy":1}}
2025-08-11T16:07:12.756Z TRACE Connection: {"event":"setTitle","context":"efbf1ba103279c31b261dbbfd8763f29","payload":{"title":"27"}}
2025-08-11T16:07:12.817Z TRACE Connection: {"action":"com.lenerystia.zed.increment","context":"efbf1ba103279c31b261dbbfd8763f29","device":"2d59f1ec475baf9464d0f94d63e71a9d","event":"keyUp","payload":{"coordinates":{"column":0,"row":0},"isInMultiAction":false,"settings":{"count":27,"incrementBy":1}}}
2025-08-11T16:07:12.943Z TRACE Connection: {"action":"com.lenerystia.zed.increment","context":"efbf1ba103279c31b261dbbfd8763f29","device":"2d59f1ec475baf9464d0f94d63e71a9d","event":"keyDown","payload":{"coordinates":{"column":0,"row":0},"isInMultiAction":false,"settings":{"count":27,"incrementBy":1}}}
2025-08-11T16:07:12.943Z TRACE Connection: {"event":"setSettings","context":"efbf1ba103279c31b261dbbfd8763f29","payload":{"count":28,"incrementBy":1}}
2025-08-11T16:07:12.943Z TRACE Connection: {"event":"setTitle","context":"efbf1ba103279c31b261dbbfd8763f29","payload":{"title":"28"}}
2025-08-11T16:07:13.006Z TRACE Connection: {"action":"com.lenerystia.zed.increment","context":"efbf1ba103279c31b261dbbfd8763f29","device":"2d59f1ec475baf9464d0f94d63e71a9d","event":"keyUp","payload":{"coordinates":{"column":0,"row":0},"isInMultiAction":false,"settings":{"count":28,"incrementBy":1}}}
2025-08-11T16:07:13.070Z TRACE Connection: {"action":"com.lenerystia.zed.increment","context":"efbf1ba103279c31b261dbbfd8763f29","device":"2d59f1ec475baf9464d0f94d63e71a9d","event":"keyDown","payload":{"coordinates":{"column":0,"row":0},"isInMultiAction":false,"settings":{"count":28,"incrementBy":1}}}
2025-08-11T16:07:13.071Z TRACE Connection: {"event":"setSettings","context":"efbf1ba103279c31b261dbbfd8763f29","payload":{"count":29,"incrementBy":1}}
2025-08-11T16:07:13.071Z TRACE Connection: {"event":"setTitle","context":"efbf1ba103279c31b261dbbfd8763f29","payload":{"title":"29"}}
2025-08-11T16:07:13.195Z TRACE Connection: {"action":"com.lenerystia.zed.increment","context":"efbf1ba103279c31b261dbbfd8763f29","device":"2d59f1ec475baf9464d0f94d63e71a9d","event":"keyUp","payload":{"coordinates":{"column":0,"row":0},"isInMultiAction":false,"settings":{"count":29,"incrementBy":1}}}
2025-08-11T16:07:18.772Z TRACE Connection: {"action":"com.lenerystia.zed.increment","context":"efbf1ba103279c31b261dbbfd8763f29","device":"2d59f1ec475baf9464d0f94d63e71a9d","event":"propertyInspectorDidAppear"}
